[2025-12-18T08:57:30.525+0000] {taskinstance.py:1157} INFO - Dependencies all met for dep_context=non-requeueable deps ti=<TaskInstance: toyota_load_dwh.load_dimension_tables manual__2025-12-18T08:57:27.014123+00:00 [queued]>
[2025-12-18T08:57:30.543+0000] {taskinstance.py:1157} INFO - Dependencies all met for dep_context=requeueable deps ti=<TaskInstance: toyota_load_dwh.load_dimension_tables manual__2025-12-18T08:57:27.014123+00:00 [queued]>
[2025-12-18T08:57:30.544+0000] {taskinstance.py:1359} INFO - Starting attempt 1 of 4
[2025-12-18T08:57:30.692+0000] {taskinstance.py:1380} INFO - Executing <Task(PythonOperator): load_dimension_tables> on 2025-12-18 08:57:27.014123+00:00
[2025-12-18T08:57:30.706+0000] {standard_task_runner.py:57} INFO - Started process 6810 to run task
[2025-12-18T08:57:30.712+0000] {standard_task_runner.py:84} INFO - Running: ['***', 'tasks', 'run', 'toyota_load_dwh', 'load_dimension_tables', 'manual__2025-12-18T08:57:27.014123+00:00', '--job-id', '434', '--raw', '--subdir', 'DAGS_FOLDER/dag_dwh.py', '--cfg-path', '/tmp/tmp3urojjn6']
[2025-12-18T08:57:30.717+0000] {standard_task_runner.py:85} INFO - Job 434: Subtask load_dimension_tables
[2025-12-18T08:57:30.812+0000] {task_command.py:415} INFO - Running <TaskInstance: toyota_load_dwh.load_dimension_tables manual__2025-12-18T08:57:27.014123+00:00 [running]> on host 2c3879603899
[2025-12-18T08:57:30.938+0000] {taskinstance.py:1660} INFO - Exporting env vars: AIRFLOW_CTX_DAG_OWNER='rifky' AIRFLOW_CTX_DAG_ID='toyota_load_dwh' AIRFLOW_CTX_TASK_ID='load_dimension_tables' AIRFLOW_CTX_EXECUTION_DATE='2025-12-18T08:57:27.014123+00:00' AIRFLOW_CTX_TRY_NUMBER='1' AIRFLOW_CTX_DAG_RUN_ID='manual__2025-12-18T08:57:27.014123+00:00'
[2025-12-18T08:57:30.940+0000] {logging_mixin.py:151} INFO - Loading dimension tables...
[2025-12-18T08:57:30.942+0000] {logging_mixin.py:151} INFO - 📦 Loading dimension tables...
[2025-12-18T08:57:31.262+0000] {logging_mixin.py:151} INFO -    🚗 Creating DimCar...
[2025-12-18T08:57:35.633+0000] {logging_mixin.py:151} INFO -       ✅ DimCar: 39949 records
[2025-12-18T08:57:35.635+0000] {logging_mixin.py:151} INFO -    📍 Creating DimLocation...
[2025-12-18T08:57:35.692+0000] {logging_mixin.py:151} INFO -       ✅ DimLocation: 37 records
[2025-12-18T08:57:35.693+0000] {logging_mixin.py:151} INFO -    👤 Creating DimCustomer...
[2025-12-18T08:57:37.977+0000] {logging_mixin.py:151} INFO -       ✅ DimCustomer: 39966 records
[2025-12-18T08:57:37.980+0000] {logging_mixin.py:151} INFO -    🏪 Creating DimSeller...
[2025-12-18T08:57:38.474+0000] {logging_mixin.py:151} INFO -       ✅ DimSeller: 4150 records
[2025-12-18T08:57:38.475+0000] {logging_mixin.py:151} INFO -    📅 Creating DimDate...
[2025-12-18T08:57:38.634+0000] {logging_mixin.py:151} INFO -       ✅ DimDate: 1977 records
[2025-12-18T08:57:38.635+0000] {logging_mixin.py:151} INFO - ✅ All dimension tables loaded successfully!
[2025-12-18T08:57:38.639+0000] {python.py:194} INFO - Done. Returned value was: True
[2025-12-18T08:57:38.678+0000] {taskinstance.py:1398} INFO - Marking task as SUCCESS. dag_id=toyota_load_dwh, task_id=load_dimension_tables, execution_date=20251218T085727, start_date=20251218T085730, end_date=20251218T085738
[2025-12-18T08:57:38.777+0000] {local_task_job_runner.py:228} INFO - Task exited with return code 0
[2025-12-18T08:57:38.839+0000] {taskinstance.py:2776} INFO - 1 downstream tasks scheduled from follow-on schedule check
