[2025-12-19T00:00:05.976+0000] {taskinstance.py:1157} INFO - Dependencies all met for dep_context=non-requeueable deps ti=<TaskInstance: toyota_load_dwh.load_dimension_tables scheduled__2025-12-18T00:00:00+00:00 [queued]>
[2025-12-19T00:00:06.009+0000] {taskinstance.py:1157} INFO - Dependencies all met for dep_context=requeueable deps ti=<TaskInstance: toyota_load_dwh.load_dimension_tables scheduled__2025-12-18T00:00:00+00:00 [queued]>
[2025-12-19T00:00:06.010+0000] {taskinstance.py:1359} INFO - Starting attempt 1 of 4
[2025-12-19T00:00:06.227+0000] {taskinstance.py:1380} INFO - Executing <Task(PythonOperator): load_dimension_tables> on 2025-12-18 00:00:00+00:00
[2025-12-19T00:00:06.254+0000] {standard_task_runner.py:57} INFO - Started process 6408 to run task
[2025-12-19T00:00:06.263+0000] {standard_task_runner.py:84} INFO - Running: ['***', 'tasks', 'run', 'toyota_load_dwh', 'load_dimension_tables', 'scheduled__2025-12-18T00:00:00+00:00', '--job-id', '460', '--raw', '--subdir', 'DAGS_FOLDER/dag_dwh.py', '--cfg-path', '/tmp/tmp7yz9w97q']
[2025-12-19T00:00:06.270+0000] {standard_task_runner.py:85} INFO - Job 460: Subtask load_dimension_tables
[2025-12-19T00:00:06.422+0000] {task_command.py:415} INFO - Running <TaskInstance: toyota_load_dwh.load_dimension_tables scheduled__2025-12-18T00:00:00+00:00 [running]> on host 2c3879603899
[2025-12-19T00:00:06.750+0000] {taskinstance.py:1660} INFO - Exporting env vars: AIRFLOW_CTX_DAG_OWNER='rifky' AIRFLOW_CTX_DAG_ID='toyota_load_dwh' AIRFLOW_CTX_TASK_ID='load_dimension_tables' AIRFLOW_CTX_EXECUTION_DATE='2025-12-18T00:00:00+00:00' AIRFLOW_CTX_TRY_NUMBER='1' AIRFLOW_CTX_DAG_RUN_ID='scheduled__2025-12-18T00:00:00+00:00'
[2025-12-19T00:00:06.761+0000] {logging_mixin.py:151} INFO - Loading dimension tables...
[2025-12-19T00:00:06.770+0000] {logging_mixin.py:151} INFO - 📦 Loading dimension tables...
[2025-12-19T00:00:07.279+0000] {logging_mixin.py:151} INFO -    🚗 Creating DimCar...
[2025-12-19T00:00:12.188+0000] {logging_mixin.py:151} INFO -       ✅ DimCar: 39949 records
[2025-12-19T00:00:12.190+0000] {logging_mixin.py:151} INFO -    📍 Creating DimLocation...
[2025-12-19T00:00:12.253+0000] {logging_mixin.py:151} INFO -       ✅ DimLocation: 37 records
[2025-12-19T00:00:12.255+0000] {logging_mixin.py:151} INFO -    👤 Creating DimCustomer...
[2025-12-19T00:00:14.834+0000] {logging_mixin.py:151} INFO -       ✅ DimCustomer: 39966 records
[2025-12-19T00:00:14.836+0000] {logging_mixin.py:151} INFO -    🏪 Creating DimSeller...
[2025-12-19T00:00:15.065+0000] {logging_mixin.py:151} INFO -       ✅ DimSeller: 4150 records
[2025-12-19T00:00:15.066+0000] {logging_mixin.py:151} INFO -    📅 Creating DimDate...
[2025-12-19T00:00:15.285+0000] {logging_mixin.py:151} INFO -       ✅ DimDate: 1977 records
[2025-12-19T00:00:15.286+0000] {logging_mixin.py:151} INFO - ✅ All dimension tables loaded successfully!
[2025-12-19T00:00:15.292+0000] {python.py:194} INFO - Done. Returned value was: True
[2025-12-19T00:00:15.349+0000] {taskinstance.py:1398} INFO - Marking task as SUCCESS. dag_id=toyota_load_dwh, task_id=load_dimension_tables, execution_date=20251218T000000, start_date=20251219T000005, end_date=20251219T000015
[2025-12-19T00:00:15.454+0000] {local_task_job_runner.py:228} INFO - Task exited with return code 0
[2025-12-19T00:00:15.511+0000] {taskinstance.py:2776} INFO - 0 downstream tasks scheduled from follow-on schedule check
