[2025-12-17T18:21:30.743+0000] {taskinstance.py:1157} INFO - Dependencies all met for dep_context=non-requeueable deps ti=<TaskInstance: toyota_ml_pipeline.run_feature_engineering manual__2025-12-17T18:21:27.665504+00:00 [queued]>
[2025-12-17T18:21:30.756+0000] {taskinstance.py:1157} INFO - Dependencies all met for dep_context=requeueable deps ti=<TaskInstance: toyota_ml_pipeline.run_feature_engineering manual__2025-12-17T18:21:27.665504+00:00 [queued]>
[2025-12-17T18:21:30.757+0000] {taskinstance.py:1359} INFO - Starting attempt 1 of 1
[2025-12-17T18:21:30.778+0000] {taskinstance.py:1380} INFO - Executing <Task(PythonOperator): run_feature_engineering> on 2025-12-17 18:21:27.665504+00:00
[2025-12-17T18:21:30.789+0000] {standard_task_runner.py:57} INFO - Started process 6374 to run task
[2025-12-17T18:21:30.795+0000] {standard_task_runner.py:84} INFO - Running: ['***', 'tasks', 'run', 'toyota_ml_pipeline', 'run_feature_engineering', 'manual__2025-12-17T18:21:27.665504+00:00', '--job-id', '407', '--raw', '--subdir', 'DAGS_FOLDER/dag_ml.py', '--cfg-path', '/tmp/tmp4sfish25']
[2025-12-17T18:21:30.800+0000] {standard_task_runner.py:85} INFO - Job 407: Subtask run_feature_engineering
[2025-12-17T18:21:30.920+0000] {task_command.py:415} INFO - Running <TaskInstance: toyota_ml_pipeline.run_feature_engineering manual__2025-12-17T18:21:27.665504+00:00 [running]> on host 2c3879603899
[2025-12-17T18:21:31.067+0000] {taskinstance.py:1660} INFO - Exporting env vars: AIRFLOW_CTX_DAG_OWNER='rifky' AIRFLOW_CTX_DAG_ID='toyota_ml_pipeline' AIRFLOW_CTX_TASK_ID='run_feature_engineering' AIRFLOW_CTX_EXECUTION_DATE='2025-12-17T18:21:27.665504+00:00' AIRFLOW_CTX_TRY_NUMBER='1' AIRFLOW_CTX_DAG_RUN_ID='manual__2025-12-17T18:21:27.665504+00:00'
[2025-12-17T18:21:31.070+0000] {logging_mixin.py:151} INFO - Starting feature engineering...
[2025-12-17T18:21:33.367+0000] {logging_mixin.py:151} INFO - 
============================================================
[2025-12-17T18:21:33.368+0000] {logging_mixin.py:151} INFO - [INFO] STARTING FEATURE ENGINEERING PIPELINE
[2025-12-17T18:21:33.368+0000] {logging_mixin.py:151} INFO - ============================================================
[2025-12-17T18:21:33.370+0000] {logging_mixin.py:151} INFO - 
[PHASE 1] Data Loading
[2025-12-17T18:21:33.370+0000] {logging_mixin.py:151} INFO -    -> Connecting to Data Warehouse...
[2025-12-17T18:21:33.419+0000] {logging_mixin.py:151} INFO -    [ERROR] Error loading from DW: (psycopg2.errors.UndefinedTable) relation "fact_sales" does not exist
LINE 7:             FROM fact_sales
                         ^

[SQL: 
            SELECT 
                "CarMake", "CarModel", "CarYear", "Odometer", "Condition",
                "CityMPG", "HighwayMPG", "InflationRate", "ComplaintCount", 
                "OriginCountry", "FuelType", "State",
                "SalePrice", "MarketPrice_MMR"
            FROM fact_sales
            ]
(Background on this error at: https://sqlalche.me/e/14/f405)
[2025-12-17T18:21:33.423+0000] {logging_mixin.py:151} INFO -    [WARN] Falling back to CSV: /opt/***/data/processed/Car_Sales_Toyota_USA.csv
[2025-12-17T18:21:33.746+0000] {logging_mixin.py:151} INFO - 
[PHASE 2] Feature Engineering & Cleaning
[2025-12-17T18:21:33.747+0000] {logging_mixin.py:151} INFO -    -> Performing Representative Sampling (Target: 1000)...
[2025-12-17T18:21:34.146+0000] {logging_mixin.py:151} INFO -    -> Data reduced to 1000 rows (Stratified Sample)
[2025-12-17T18:21:34.150+0000] {logging_mixin.py:151} INFO -    -> Imputing missing MPG using Car Model averages...
[2025-12-17T18:21:34.165+0000] {logging_mixin.py:151} INFO -    -> Created 16 engineered features
[2025-12-17T18:21:34.166+0000] {logging_mixin.py:151} INFO - 
######################################################################
[2025-12-17T18:21:34.166+0000] {logging_mixin.py:151} INFO - >>> QA AUDIT LOGS: DATA HEALTH CHECK
[2025-12-17T18:21:34.167+0000] {logging_mixin.py:151} INFO - ######################################################################
[2025-12-17T18:21:34.167+0000] {logging_mixin.py:151} INFO - 
[*] CHECK 1: DATA INTEGRITY (NULL VALUES)
[2025-12-17T18:21:34.170+0000] {logging_mixin.py:151} INFO -     [OK] Total Rows with Nulls : 0
[2025-12-17T18:21:34.171+0000] {logging_mixin.py:151} INFO - 
[*] CHECK 2: ANOMALY DETECTION (IQR METHOD)
[2025-12-17T18:21:34.172+0000] {logging_mixin.py:151} INFO -     > Target Variable : SalePrice
[2025-12-17T18:21:34.175+0000] {logging_mixin.py:151} INFO -     > Thresholds      : Low [-10,550] | High [30,650]
[2025-12-17T18:21:34.176+0000] {logging_mixin.py:151} INFO -     > Flagged Records : 15 (1.50%)
[2025-12-17T18:21:34.177+0000] {logging_mixin.py:151} INFO -     > Top Deviations  :
[2025-12-17T18:21:34.180+0000] {logging_mixin.py:151} INFO -       1. ID:495  | LAND CRUISER '14 | Val: 59,500
[2025-12-17T18:21:34.181+0000] {logging_mixin.py:151} INFO -       2. ID:501  | LAND CRUISER '13 | Val: 53,500
[2025-12-17T18:21:34.181+0000] {logging_mixin.py:151} INFO -       3. ID:447  | LAND CRUISER '11 | Val: 48,750
[2025-12-17T18:21:34.182+0000] {logging_mixin.py:151} INFO -     > Action          : RETAIN (Algorithm Robustness)
[2025-12-17T18:21:34.182+0000] {logging_mixin.py:151} INFO - 
[*] CHECK 3: DISTRIBUTION STABILITY (KS-TEST)
[2025-12-17T18:21:34.185+0000] {logging_mixin.py:151} INFO -     > P-Value         : 0.0416 (Alpha: 0.05)
[2025-12-17T18:21:34.185+0000] {logging_mixin.py:151} INFO -     > Conclusion      : [!!] DRIFT DETECTED
[2025-12-17T18:21:34.186+0000] {logging_mixin.py:151} INFO - 
######################################################################
[2025-12-17T18:21:34.186+0000] {logging_mixin.py:151} INFO - [PHASE 3] Preprocessing
[2025-12-17T18:21:34.187+0000] {logging_mixin.py:151} INFO -    -> Splitting data (Train: 80% / Test: 20%)...
[2025-12-17T18:21:34.190+0000] {logging_mixin.py:151} INFO -    -> Scaling numerical features (StandardScaler)...
[2025-12-17T18:21:34.206+0000] {logging_mixin.py:151} INFO -    -> Preparing Full Dataset for BI Output...
[2025-12-17T18:21:34.212+0000] {logging_mixin.py:151} INFO - 
[PHASE 4] Caching Artifacts
[2025-12-17T18:21:34.397+0000] {logging_mixin.py:151} INFO -    -> Preprocessing objects saved to /opt/***/ml/models/preprocessing
[2025-12-17T18:21:34.580+0000] {logging_mixin.py:151} INFO -    -> Data cached to: /opt/***/data/processed/ml_cache
[2025-12-17T18:21:34.580+0000] {logging_mixin.py:151} INFO - 
============================================================
[2025-12-17T18:21:34.581+0000] {logging_mixin.py:151} INFO - [SUCCESS] FEATURE ENGINEERING COMPLETE
[2025-12-17T18:21:34.582+0000] {logging_mixin.py:151} INFO - ============================================================
[2025-12-17T18:21:34.589+0000] {python.py:194} INFO - Done. Returned value was: Done
[2025-12-17T18:21:34.624+0000] {taskinstance.py:1398} INFO - Marking task as SUCCESS. dag_id=toyota_ml_pipeline, task_id=run_feature_engineering, execution_date=20251217T182127, start_date=20251217T182130, end_date=20251217T182134
[2025-12-17T18:21:34.724+0000] {local_task_job_runner.py:228} INFO - Task exited with return code 0
[2025-12-17T18:21:34.772+0000] {taskinstance.py:2776} INFO - 1 downstream tasks scheduled from follow-on schedule check
