[2025-12-18T22:30:07.293+0000] {taskinstance.py:1157} INFO - Dependencies all met for dep_context=non-requeueable deps ti=<TaskInstance: toyota_load_dwh.load_fact_tables manual__2025-12-18T22:29:52.883434+00:00 [queued]>
[2025-12-18T22:30:07.323+0000] {taskinstance.py:1157} INFO - Dependencies all met for dep_context=requeueable deps ti=<TaskInstance: toyota_load_dwh.load_fact_tables manual__2025-12-18T22:29:52.883434+00:00 [queued]>
[2025-12-18T22:30:07.324+0000] {taskinstance.py:1359} INFO - Starting attempt 1 of 4
[2025-12-18T22:30:07.565+0000] {taskinstance.py:1380} INFO - Executing <Task(PythonOperator): load_fact_tables> on 2025-12-18 22:29:52.883434+00:00
[2025-12-18T22:30:07.583+0000] {standard_task_runner.py:57} INFO - Started process 351 to run task
[2025-12-18T22:30:07.595+0000] {standard_task_runner.py:84} INFO - Running: ['***', 'tasks', 'run', 'toyota_load_dwh', 'load_fact_tables', 'manual__2025-12-18T22:29:52.883434+00:00', '--job-id', '455', '--raw', '--subdir', 'DAGS_FOLDER/dag_dwh.py', '--cfg-path', '/tmp/tmpgthwt4zq']
[2025-12-18T22:30:07.604+0000] {standard_task_runner.py:85} INFO - Job 455: Subtask load_fact_tables
[2025-12-18T22:30:07.747+0000] {task_command.py:415} INFO - Running <TaskInstance: toyota_load_dwh.load_fact_tables manual__2025-12-18T22:29:52.883434+00:00 [running]> on host 2c3879603899
[2025-12-18T22:30:07.927+0000] {taskinstance.py:1660} INFO - Exporting env vars: AIRFLOW_CTX_DAG_OWNER='rifky' AIRFLOW_CTX_DAG_ID='toyota_load_dwh' AIRFLOW_CTX_TASK_ID='load_fact_tables' AIRFLOW_CTX_EXECUTION_DATE='2025-12-18T22:29:52.883434+00:00' AIRFLOW_CTX_TRY_NUMBER='1' AIRFLOW_CTX_DAG_RUN_ID='manual__2025-12-18T22:29:52.883434+00:00'
[2025-12-18T22:30:07.931+0000] {logging_mixin.py:151} INFO - Loading fact tables...
[2025-12-18T22:30:07.933+0000] {logging_mixin.py:151} INFO -  Loading fact tables...
[2025-12-18T22:30:09.165+0000] {logging_mixin.py:151} INFO -     Creating FactSales...
[2025-12-18T22:30:09.740+0000] {logging_mixin.py:151} INFO -        Warning dropping table: 'Connection' object has no attribute 'commit'
[2025-12-18T22:30:14.249+0000] {logging_mixin.py:151} INFO -        FactSales: 39972 records
[2025-12-18T22:30:14.257+0000] {logging_mixin.py:151} INFO -     Creating FactCustomerSummary...
[2025-12-18T22:30:27.655+0000] {logging_mixin.py:151} INFO -        FactCustomerSummary: 39966 records
[2025-12-18T22:30:27.660+0000] {logging_mixin.py:151} INFO -     Creating business views...
[2025-12-18T22:30:27.664+0000] {logging_mixin.py:151} INFO -        Error creating views: 'Connection' object has no attribute 'commit'
[2025-12-18T22:30:27.665+0000] {logging_mixin.py:151} INFO -  All fact tables loaded successfully!
[2025-12-18T22:30:27.687+0000] {python.py:194} INFO - Done. Returned value was: True
[2025-12-18T22:30:27.734+0000] {taskinstance.py:1398} INFO - Marking task as SUCCESS. dag_id=toyota_load_dwh, task_id=load_fact_tables, execution_date=20251218T222952, start_date=20251218T223007, end_date=20251218T223027
[2025-12-18T22:30:27.819+0000] {local_task_job_runner.py:228} INFO - Task exited with return code 0
[2025-12-18T22:30:27.865+0000] {taskinstance.py:2776} INFO - 0 downstream tasks scheduled from follow-on schedule check
