[2025-12-17T12:34:47.849+0000] {taskinstance.py:1157} INFO - Dependencies all met for dep_context=non-requeueable deps ti=<TaskInstance: toyota_etl_transform.run_etl_transformation manual__2025-12-17T12:34:44.238065+00:00 [queued]>
[2025-12-17T12:34:47.864+0000] {taskinstance.py:1157} INFO - Dependencies all met for dep_context=requeueable deps ti=<TaskInstance: toyota_etl_transform.run_etl_transformation manual__2025-12-17T12:34:44.238065+00:00 [queued]>
[2025-12-17T12:34:47.865+0000] {taskinstance.py:1359} INFO - Starting attempt 1 of 1
[2025-12-17T12:34:48.064+0000] {taskinstance.py:1380} INFO - Executing <Task(PythonOperator): run_etl_transformation> on 2025-12-17 12:34:44.238065+00:00
[2025-12-17T12:34:48.079+0000] {standard_task_runner.py:57} INFO - Started process 297 to run task
[2025-12-17T12:34:48.086+0000] {standard_task_runner.py:84} INFO - Running: ['***', 'tasks', 'run', 'toyota_etl_transform', 'run_etl_transformation', 'manual__2025-12-17T12:34:44.238065+00:00', '--job-id', '389', '--raw', '--subdir', 'DAGS_FOLDER/dag_transform.py', '--cfg-path', '/tmp/tmprkyitjmf']
[2025-12-17T12:34:48.095+0000] {standard_task_runner.py:85} INFO - Job 389: Subtask run_etl_transformation
[2025-12-17T12:34:48.251+0000] {task_command.py:415} INFO - Running <TaskInstance: toyota_etl_transform.run_etl_transformation manual__2025-12-17T12:34:44.238065+00:00 [running]> on host 2c3879603899
[2025-12-17T12:34:48.406+0000] {taskinstance.py:1660} INFO - Exporting env vars: AIRFLOW_CTX_DAG_OWNER='rifky' AIRFLOW_CTX_DAG_ID='toyota_etl_transform' AIRFLOW_CTX_TASK_ID='run_etl_transformation' AIRFLOW_CTX_EXECUTION_DATE='2025-12-17T12:34:44.238065+00:00' AIRFLOW_CTX_TRY_NUMBER='1' AIRFLOW_CTX_DAG_RUN_ID='manual__2025-12-17T12:34:44.238065+00:00'
[2025-12-17T12:34:48.409+0000] {logging_mixin.py:151} INFO - Starting ETL transformation...
[2025-12-17T12:34:48.432+0000] {logging_mixin.py:151} INFO - [INFO] Connected to MinIO Data Lake at minio:9000
[2025-12-17T12:34:48.433+0000] {logging_mixin.py:151} INFO - 
============================================================
[2025-12-17T12:34:48.433+0000] {logging_mixin.py:151} INFO - [INFO] STARTING ETL TRANSFORMATION PIPELINE
[2025-12-17T12:34:48.434+0000] {logging_mixin.py:151} INFO - ============================================================
[2025-12-17T12:34:48.435+0000] {logging_mixin.py:151} INFO - 
[PHASE 1] Loading Data Sources...
[2025-12-17T12:34:53.126+0000] {logging_mixin.py:151} INFO -    -> Loaded 39,966 Toyota sales records
[2025-12-17T12:34:53.838+0000] {logging_mixin.py:151} INFO -    -> Loaded 38,113 fuel economy records
[2025-12-17T12:34:54.002+0000] {logging_mixin.py:151} INFO -    -> Loaded 28,338 geographic records
[2025-12-17T12:34:54.016+0000] {logging_mixin.py:151} INFO -    -> Loaded 16 inflation records
[2025-12-17T12:34:54.017+0000] {logging_mixin.py:151} INFO - 
[PHASE 2] Cleaning & Transforming Sales Data...
[2025-12-17T12:34:54.646+0000] {logging_mixin.py:151} INFO -    -> Sales data cleaned & standardized
[2025-12-17T12:34:54.697+0000] {logging_mixin.py:151} INFO -    -> Origin country derived from VIN
[2025-12-17T12:34:54.698+0000] {logging_mixin.py:151} INFO - 
[PHASE 3] API Enrichment (NHTSA Safety Data)...
[2025-12-17T12:34:54.709+0000] {logging_mixin.py:151} INFO -    -> Loaded 321 records from local cache.
[2025-12-17T12:34:54.752+0000] {logging_mixin.py:151} INFO -    -> Fetching 13 new configurations from API...
[2025-12-17T12:35:02.111+0000] {logging_mixin.py:151} INFO -       [10/13] Processed: Toyota_MATRIX_2013 -> 0 complaints
[2025-12-17T12:35:05.278+0000] {logging_mixin.py:151} INFO -       [13/13] Processed: Toyota_LAND CRUISER_2009 -> 0 complaints
[2025-12-17T12:35:05.288+0000] {logging_mixin.py:151} INFO -    -> Cache updated successfully.
[2025-12-17T12:35:05.918+0000] {logging_mixin.py:151} INFO - 
[PHASE 4] Merging Datasets & Finalizing...
[2025-12-17T12:35:06.034+0000] {logging_mixin.py:151} INFO -    -> All datasets merged successfully
[2025-12-17T12:35:06.068+0000] {logging_mixin.py:151} INFO -    -> Business metrics & synthetic customers added
[2025-12-17T12:35:06.069+0000] {logging_mixin.py:151} INFO - 
[PHASE 5] Saving Results...
[2025-12-17T12:35:08.096+0000] {logging_mixin.py:151} INFO - [STAGING] Saved to staging: transform/20251217_123507_toyota_sales_transformed.csv
[2025-12-17T12:35:09.016+0000] {logging_mixin.py:151} INFO - [PROCESSED] Saved to Data Lake: processed-data/20251217_123508_toyota_sales_final.csv
[2025-12-17T12:35:09.017+0000] {logging_mixin.py:151} INFO -    -> Local Output: /opt/***/data/processed/Car_Sales_Toyota_USA.csv
[2025-12-17T12:35:09.018+0000] {logging_mixin.py:151} INFO -    -> Record Count: 39,966 rows
[2025-12-17T12:35:09.022+0000] {logging_mixin.py:151} INFO - 
============================================================
[2025-12-17T12:35:09.023+0000] {logging_mixin.py:151} INFO - [SUCCESS]  ETL Transformation Complete!
[2025-12-17T12:35:09.024+0000] {logging_mixin.py:151} INFO - ============================================================
[2025-12-17T12:35:09.087+0000] {python.py:194} INFO - Done. Returned value was: True
[2025-12-17T12:35:09.129+0000] {taskinstance.py:1398} INFO - Marking task as SUCCESS. dag_id=toyota_etl_transform, task_id=run_etl_transformation, execution_date=20251217T123444, start_date=20251217T123447, end_date=20251217T123509
[2025-12-17T12:35:09.190+0000] {local_task_job_runner.py:228} INFO - Task exited with return code 0
[2025-12-17T12:35:09.219+0000] {taskinstance.py:2776} INFO - 0 downstream tasks scheduled from follow-on schedule check
