[2025-12-18T18:10:16.078+0000] {taskinstance.py:1157} INFO - Dependencies all met for dep_context=non-requeueable deps ti=<TaskInstance: toyota_etl_transform.run_etl_transformation manual__2025-12-18T18:10:09.568853+00:00 [queued]>
[2025-12-18T18:10:16.098+0000] {taskinstance.py:1157} INFO - Dependencies all met for dep_context=requeueable deps ti=<TaskInstance: toyota_etl_transform.run_etl_transformation manual__2025-12-18T18:10:09.568853+00:00 [queued]>
[2025-12-18T18:10:16.099+0000] {taskinstance.py:1359} INFO - Starting attempt 1 of 2
[2025-12-18T18:10:16.126+0000] {taskinstance.py:1380} INFO - Executing <Task(PythonOperator): run_etl_transformation> on 2025-12-18 18:10:09.568853+00:00
[2025-12-18T18:10:16.147+0000] {standard_task_runner.py:57} INFO - Started process 3415 to run task
[2025-12-18T18:10:16.153+0000] {standard_task_runner.py:84} INFO - Running: ['***', 'tasks', 'run', 'toyota_etl_transform', 'run_etl_transformation', 'manual__2025-12-18T18:10:09.568853+00:00', '--job-id', '441', '--raw', '--subdir', 'DAGS_FOLDER/dag_transform.py', '--cfg-path', '/tmp/tmp0fx4f14k']
[2025-12-18T18:10:16.160+0000] {standard_task_runner.py:85} INFO - Job 441: Subtask run_etl_transformation
[2025-12-18T18:10:16.325+0000] {task_command.py:415} INFO - Running <TaskInstance: toyota_etl_transform.run_etl_transformation manual__2025-12-18T18:10:09.568853+00:00 [running]> on host 2c3879603899
[2025-12-18T18:10:16.508+0000] {taskinstance.py:1660} INFO - Exporting env vars: AIRFLOW_CTX_DAG_OWNER='rifky' AIRFLOW_CTX_DAG_ID='toyota_etl_transform' AIRFLOW_CTX_TASK_ID='run_etl_transformation' AIRFLOW_CTX_EXECUTION_DATE='2025-12-18T18:10:09.568853+00:00' AIRFLOW_CTX_TRY_NUMBER='1' AIRFLOW_CTX_DAG_RUN_ID='manual__2025-12-18T18:10:09.568853+00:00'
[2025-12-18T18:10:16.511+0000] {logging_mixin.py:151} INFO - Starting ETL transformation...
[2025-12-18T18:10:16.628+0000] {logging_mixin.py:151} INFO - [INFO] Connected to MinIO Data Lake at minio:9000
[2025-12-18T18:10:16.629+0000] {logging_mixin.py:151} INFO - 
============================================================
[2025-12-18T18:10:16.630+0000] {logging_mixin.py:151} INFO - [INFO] STARTING ETL TRANSFORMATION PIPELINE
[2025-12-18T18:10:16.631+0000] {logging_mixin.py:151} INFO - ============================================================
[2025-12-18T18:10:16.631+0000] {logging_mixin.py:151} INFO - 
[PHASE 1] Loading Data Sources...
[2025-12-18T18:10:21.904+0000] {logging_mixin.py:151} INFO -    -> Loaded 39,966 Toyota sales records
[2025-12-18T18:10:22.790+0000] {logging_mixin.py:151} INFO -    -> Loaded 38,113 fuel economy records
[2025-12-18T18:10:22.976+0000] {logging_mixin.py:151} INFO -    -> Loaded 28,338 geographic records
[2025-12-18T18:10:23.012+0000] {logging_mixin.py:151} INFO -    -> Loaded 16 inflation records
[2025-12-18T18:10:23.013+0000] {logging_mixin.py:151} INFO - 
[PHASE 2] Cleaning & Transforming Sales Data...
[2025-12-18T18:10:23.601+0000] {logging_mixin.py:151} INFO -    -> Sales data cleaned & standardized
[2025-12-18T18:10:23.714+0000] {logging_mixin.py:151} INFO -    -> Origin country derived from VIN
[2025-12-18T18:10:23.715+0000] {logging_mixin.py:151} INFO - 
[PHASE 3] API Enrichment (NHTSA Safety Data)...
[2025-12-18T18:10:23.757+0000] {logging_mixin.py:151} INFO -    -> Loaded 321 records from local cache.
[2025-12-18T18:10:23.811+0000] {logging_mixin.py:151} INFO -    -> Fetching 13 new configurations from API...
[2025-12-18T18:10:28.462+0000] {logging_mixin.py:151} INFO -       [10/13] Processed: Toyota_LAND CRUISER_2013 -> 0 complaints
[2025-12-18T18:10:29.673+0000] {logging_mixin.py:151} INFO -       [13/13] Processed: Toyota_LAND CRUISER_2009 -> 0 complaints
[2025-12-18T18:10:29.684+0000] {logging_mixin.py:151} INFO -    -> Cache updated successfully.
[2025-12-18T18:10:30.327+0000] {logging_mixin.py:151} INFO - 
[PHASE 4] Merging Datasets & Finalizing...
[2025-12-18T18:10:30.467+0000] {logging_mixin.py:151} INFO -    -> All datasets merged successfully
[2025-12-18T18:10:30.547+0000] {logging_mixin.py:151} INFO -    -> Business metrics & synthetic customers added
[2025-12-18T18:10:30.548+0000] {logging_mixin.py:151} INFO - 
[PHASE 5] Saving Results...
[2025-12-18T18:10:30.617+0000] {taskinstance.py:1935} ERROR - Task failed with exception
Traceback (most recent call last):
  File "/home/airflow/.local/lib/python3.8/site-packages/airflow/operators/python.py", line 192, in execute
    return_value = self.execute_callable()
  File "/home/airflow/.local/lib/python3.8/site-packages/airflow/operators/python.py", line 209, in execute_callable
    return self.python_callable(*self.op_args, **self.op_kwargs)
  File "/opt/airflow/dags/dag_transform.py", line 24, in run_etl_transform
    result = transformer.run_transform()
  File "/opt/airflow/dwh/etl_transform.py", line 52, in run_transform
    self._save_results(df_final)
  File "/opt/airflow/dwh/etl_transform.py", line 287, in _save_results
    df_final.to_csv(output_file, index=False, sep=';')
  File "/home/airflow/.local/lib/python3.8/site-packages/pandas/core/generic.py", line 3772, in to_csv
    return DataFrameRenderer(formatter).to_csv(
  File "/home/airflow/.local/lib/python3.8/site-packages/pandas/io/formats/format.py", line 1186, in to_csv
    csv_formatter.save()
  File "/home/airflow/.local/lib/python3.8/site-packages/pandas/io/formats/csvs.py", line 240, in save
    with get_handle(
  File "/home/airflow/.local/lib/python3.8/site-packages/pandas/io/common.py", line 859, in get_handle
    handle = open(
PermissionError: [Errno 13] Permission denied: '/opt/airflow/data/processed/Car_Sales_Toyota_USA.csv'
[2025-12-18T18:10:30.657+0000] {taskinstance.py:1398} INFO - Marking task as UP_FOR_RETRY. dag_id=toyota_etl_transform, task_id=run_etl_transformation, execution_date=20251218T181009, start_date=20251218T181016, end_date=20251218T181030
[2025-12-18T18:10:30.684+0000] {standard_task_runner.py:104} ERROR - Failed to execute job 441 for task run_etl_transformation ([Errno 13] Permission denied: '/opt/airflow/data/processed/Car_Sales_Toyota_USA.csv'; 3415)
[2025-12-18T18:10:30.781+0000] {local_task_job_runner.py:228} INFO - Task exited with return code 1
[2025-12-18T18:10:30.816+0000] {taskinstance.py:2776} INFO - 0 downstream tasks scheduled from follow-on schedule check
