[2025-12-18T18:20:33.788+0000] {taskinstance.py:1157} INFO - Dependencies all met for dep_context=non-requeueable deps ti=<TaskInstance: toyota_etl_transform.run_etl_transformation manual__2025-12-18T18:10:09.568853+00:00 [queued]>
[2025-12-18T18:20:33.803+0000] {taskinstance.py:1157} INFO - Dependencies all met for dep_context=requeueable deps ti=<TaskInstance: toyota_etl_transform.run_etl_transformation manual__2025-12-18T18:10:09.568853+00:00 [queued]>
[2025-12-18T18:20:33.804+0000] {taskinstance.py:1359} INFO - Starting attempt 2 of 2
[2025-12-18T18:20:33.825+0000] {taskinstance.py:1380} INFO - Executing <Task(PythonOperator): run_etl_transformation> on 2025-12-18 18:10:09.568853+00:00
[2025-12-18T18:20:33.838+0000] {standard_task_runner.py:57} INFO - Started process 4109 to run task
[2025-12-18T18:20:33.845+0000] {standard_task_runner.py:84} INFO - Running: ['***', 'tasks', 'run', 'toyota_etl_transform', 'run_etl_transformation', 'manual__2025-12-18T18:10:09.568853+00:00', '--job-id', '443', '--raw', '--subdir', 'DAGS_FOLDER/dag_transform.py', '--cfg-path', '/tmp/tmpl_fntsjb']
[2025-12-18T18:20:33.852+0000] {standard_task_runner.py:85} INFO - Job 443: Subtask run_etl_transformation
[2025-12-18T18:20:34.010+0000] {task_command.py:415} INFO - Running <TaskInstance: toyota_etl_transform.run_etl_transformation manual__2025-12-18T18:10:09.568853+00:00 [running]> on host 2c3879603899
[2025-12-18T18:20:34.197+0000] {taskinstance.py:1660} INFO - Exporting env vars: AIRFLOW_CTX_DAG_OWNER='rifky' AIRFLOW_CTX_DAG_ID='toyota_etl_transform' AIRFLOW_CTX_TASK_ID='run_etl_transformation' AIRFLOW_CTX_EXECUTION_DATE='2025-12-18T18:10:09.568853+00:00' AIRFLOW_CTX_TRY_NUMBER='2' AIRFLOW_CTX_DAG_RUN_ID='manual__2025-12-18T18:10:09.568853+00:00'
[2025-12-18T18:20:34.204+0000] {logging_mixin.py:151} INFO - Starting ETL transformation...
[2025-12-18T18:20:34.237+0000] {logging_mixin.py:151} INFO - [INFO] Connected to MinIO Data Lake at minio:9000
[2025-12-18T18:20:34.239+0000] {logging_mixin.py:151} INFO - 
============================================================
[2025-12-18T18:20:34.240+0000] {logging_mixin.py:151} INFO - [INFO] STARTING ETL TRANSFORMATION PIPELINE
[2025-12-18T18:20:34.240+0000] {logging_mixin.py:151} INFO - ============================================================
[2025-12-18T18:20:34.244+0000] {logging_mixin.py:151} INFO - 
[PHASE 1] Loading Data Sources...
[2025-12-18T18:20:39.434+0000] {logging_mixin.py:151} INFO -    -> Loaded 39,966 Toyota sales records
[2025-12-18T18:20:40.258+0000] {logging_mixin.py:151} INFO -    -> Loaded 38,113 fuel economy records
[2025-12-18T18:20:40.417+0000] {logging_mixin.py:151} INFO -    -> Loaded 28,338 geographic records
[2025-12-18T18:20:40.431+0000] {logging_mixin.py:151} INFO -    -> Loaded 16 inflation records
[2025-12-18T18:20:40.431+0000] {logging_mixin.py:151} INFO - 
[PHASE 2] Cleaning & Transforming Sales Data...
[2025-12-18T18:20:40.988+0000] {logging_mixin.py:151} INFO -    -> Sales data cleaned & standardized
[2025-12-18T18:20:41.044+0000] {logging_mixin.py:151} INFO -    -> Origin country derived from VIN
[2025-12-18T18:20:41.045+0000] {logging_mixin.py:151} INFO - 
[PHASE 3] API Enrichment (NHTSA Safety Data)...
[2025-12-18T18:20:41.055+0000] {logging_mixin.py:151} INFO -    -> Loaded 321 records from local cache.
[2025-12-18T18:20:41.100+0000] {logging_mixin.py:151} INFO -    -> Fetching 13 new configurations from API...
[2025-12-18T18:20:44.587+0000] {logging_mixin.py:151} INFO -       [10/13] Processed: Toyota_LAND CRUISER_2014 -> 0 complaints
[2025-12-18T18:20:45.558+0000] {logging_mixin.py:151} INFO -       [13/13] Processed: Toyota_LAND CRUISER_2007 -> 0 complaints
[2025-12-18T18:20:45.568+0000] {logging_mixin.py:151} INFO -    -> Cache updated successfully.
[2025-12-18T18:20:46.217+0000] {logging_mixin.py:151} INFO - 
[PHASE 4] Merging Datasets & Finalizing...
[2025-12-18T18:20:46.350+0000] {logging_mixin.py:151} INFO -    -> All datasets merged successfully
[2025-12-18T18:20:46.386+0000] {logging_mixin.py:151} INFO -    -> Business metrics & synthetic customers added
[2025-12-18T18:20:46.388+0000] {logging_mixin.py:151} INFO - 
[PHASE 5] Saving Results...
[2025-12-18T18:20:48.698+0000] {logging_mixin.py:151} INFO - [STAGING] Saved to staging: transform/20251218_182047_toyota_sales_transformed.csv
[2025-12-18T18:20:49.674+0000] {logging_mixin.py:151} INFO - [PROCESSED] Saved to Data Lake: processed-data/20251218_182048_toyota_sales_final.csv
[2025-12-18T18:20:49.675+0000] {logging_mixin.py:151} INFO -    -> Local Output: /opt/***/data/processed/Car_Sales_Toyota_USA.csv
[2025-12-18T18:20:49.676+0000] {logging_mixin.py:151} INFO -    -> Record Count: 39,966 rows
[2025-12-18T18:20:49.680+0000] {logging_mixin.py:151} INFO - 
============================================================
[2025-12-18T18:20:49.681+0000] {logging_mixin.py:151} INFO - [SUCCESS]  ETL Transformation Complete!
[2025-12-18T18:20:49.682+0000] {logging_mixin.py:151} INFO - ============================================================
[2025-12-18T18:20:49.733+0000] {python.py:194} INFO - Done. Returned value was: True
[2025-12-18T18:20:49.793+0000] {taskinstance.py:1398} INFO - Marking task as SUCCESS. dag_id=toyota_etl_transform, task_id=run_etl_transformation, execution_date=20251218T181009, start_date=20251218T182033, end_date=20251218T182049
[2025-12-18T18:20:49.872+0000] {local_task_job_runner.py:228} INFO - Task exited with return code 0
[2025-12-18T18:20:49.905+0000] {taskinstance.py:2776} INFO - 0 downstream tasks scheduled from follow-on schedule check
