[2025-12-17T12:34:15.633+0000] {taskinstance.py:1157} INFO - Dependencies all met for dep_context=non-requeueable deps ti=<TaskInstance: toyota_data_ingestion.ingest_api_data manual__2025-12-17T12:34:11.848305+00:00 [queued]>
[2025-12-17T12:34:15.650+0000] {taskinstance.py:1157} INFO - Dependencies all met for dep_context=requeueable deps ti=<TaskInstance: toyota_data_ingestion.ingest_api_data manual__2025-12-17T12:34:11.848305+00:00 [queued]>
[2025-12-17T12:34:15.651+0000] {taskinstance.py:1359} INFO - Starting attempt 1 of 2
[2025-12-17T12:34:15.852+0000] {taskinstance.py:1380} INFO - Executing <Task(PythonOperator): ingest_api_data> on 2025-12-17 12:34:11.848305+00:00
[2025-12-17T12:34:15.869+0000] {standard_task_runner.py:57} INFO - Started process 251 to run task
[2025-12-17T12:34:15.875+0000] {standard_task_runner.py:84} INFO - Running: ['***', 'tasks', 'run', 'toyota_data_ingestion', 'ingest_api_data', 'manual__2025-12-17T12:34:11.848305+00:00', '--job-id', '386', '--raw', '--subdir', 'DAGS_FOLDER/dag_ingest.py', '--cfg-path', '/tmp/tmp4zwh8kjh']
[2025-12-17T12:34:15.881+0000] {standard_task_runner.py:85} INFO - Job 386: Subtask ingest_api_data
[2025-12-17T12:34:15.995+0000] {task_command.py:415} INFO - Running <TaskInstance: toyota_data_ingestion.ingest_api_data manual__2025-12-17T12:34:11.848305+00:00 [running]> on host 2c3879603899
[2025-12-17T12:34:16.183+0000] {taskinstance.py:1660} INFO - Exporting env vars: AIRFLOW_CTX_DAG_OWNER='rifky' AIRFLOW_CTX_DAG_ID='toyota_data_ingestion' AIRFLOW_CTX_TASK_ID='ingest_api_data' AIRFLOW_CTX_EXECUTION_DATE='2025-12-17T12:34:11.848305+00:00' AIRFLOW_CTX_TRY_NUMBER='1' AIRFLOW_CTX_DAG_RUN_ID='manual__2025-12-17T12:34:11.848305+00:00'
[2025-12-17T12:34:16.186+0000] {logging_mixin.py:151} INFO - Starting API ingestion...
[2025-12-17T12:34:16.233+0000] {logging_mixin.py:151} INFO - [INFO] Connected to MinIO Data Lake at minio:9000
[2025-12-17T12:34:16.243+0000] {logging_mixin.py:151} INFO - 📋 Processing 5 vehicles...
[2025-12-17T12:34:16.249+0000] {logging_mixin.py:151} INFO - 🎭 Using mock data for Toyota CAMRY 2020
[2025-12-17T12:34:16.250+0000] {logging_mixin.py:151} INFO - 🎭 Using mock data for Toyota COROLLA 2021
[2025-12-17T12:34:16.251+0000] {logging_mixin.py:151} INFO - 🎭 Using mock data for Toyota RAV4 2022
[2025-12-17T12:34:16.252+0000] {logging_mixin.py:151} INFO - 🎭 Using mock data for Toyota HIGHLANDER 2021
[2025-12-17T12:34:16.253+0000] {logging_mixin.py:151} INFO - 🎭 Using mock data for Toyota TACOMA 2020
[2025-12-17T12:34:16.300+0000] {logging_mixin.py:151} INFO - [STAGING] Saved to staging: nhtsa/20251217_123416_complaints_20251217.csv
[2025-12-17T12:34:16.301+0000] {logging_mixin.py:151} INFO - ✅ Saved 5 complaint records
[2025-12-17T12:34:16.302+0000] {python.py:194} INFO - Done. Returned value was: True
[2025-12-17T12:34:16.346+0000] {taskinstance.py:1398} INFO - Marking task as SUCCESS. dag_id=toyota_data_ingestion, task_id=ingest_api_data, execution_date=20251217T123411, start_date=20251217T123415, end_date=20251217T123416
[2025-12-17T12:34:16.411+0000] {local_task_job_runner.py:228} INFO - Task exited with return code 0
[2025-12-17T12:34:16.456+0000] {taskinstance.py:2776} INFO - 0 downstream tasks scheduled from follow-on schedule check
