[2025-12-18T22:29:56.227+0000] {taskinstance.py:1157} INFO - Dependencies all met for dep_context=non-requeueable deps ti=<TaskInstance: toyota_load_dwh.load_dimension_tables manual__2025-12-18T22:29:52.883434+00:00 [queued]>
[2025-12-18T22:29:56.255+0000] {taskinstance.py:1157} INFO - Dependencies all met for dep_context=requeueable deps ti=<TaskInstance: toyota_load_dwh.load_dimension_tables manual__2025-12-18T22:29:52.883434+00:00 [queued]>
[2025-12-18T22:29:56.256+0000] {taskinstance.py:1359} INFO - Starting attempt 1 of 4
[2025-12-18T22:29:56.470+0000] {taskinstance.py:1380} INFO - Executing <Task(PythonOperator): load_dimension_tables> on 2025-12-18 22:29:52.883434+00:00
[2025-12-18T22:29:56.484+0000] {standard_task_runner.py:57} INFO - Started process 348 to run task
[2025-12-18T22:29:56.491+0000] {standard_task_runner.py:84} INFO - Running: ['***', 'tasks', 'run', 'toyota_load_dwh', 'load_dimension_tables', 'manual__2025-12-18T22:29:52.883434+00:00', '--job-id', '454', '--raw', '--subdir', 'DAGS_FOLDER/dag_dwh.py', '--cfg-path', '/tmp/tmppw6po5nl']
[2025-12-18T22:29:56.496+0000] {standard_task_runner.py:85} INFO - Job 454: Subtask load_dimension_tables
[2025-12-18T22:29:56.634+0000] {task_command.py:415} INFO - Running <TaskInstance: toyota_load_dwh.load_dimension_tables manual__2025-12-18T22:29:52.883434+00:00 [running]> on host 2c3879603899
[2025-12-18T22:29:56.797+0000] {taskinstance.py:1660} INFO - Exporting env vars: AIRFLOW_CTX_DAG_OWNER='rifky' AIRFLOW_CTX_DAG_ID='toyota_load_dwh' AIRFLOW_CTX_TASK_ID='load_dimension_tables' AIRFLOW_CTX_EXECUTION_DATE='2025-12-18T22:29:52.883434+00:00' AIRFLOW_CTX_TRY_NUMBER='1' AIRFLOW_CTX_DAG_RUN_ID='manual__2025-12-18T22:29:52.883434+00:00'
[2025-12-18T22:29:56.800+0000] {logging_mixin.py:151} INFO - Loading dimension tables...
[2025-12-18T22:29:56.802+0000] {logging_mixin.py:151} INFO - 📦 Loading dimension tables...
[2025-12-18T22:29:57.183+0000] {logging_mixin.py:151} INFO -    🚗 Creating DimCar...
[2025-12-18T22:30:01.699+0000] {logging_mixin.py:151} INFO -       ✅ DimCar: 39949 records
[2025-12-18T22:30:01.702+0000] {logging_mixin.py:151} INFO -    📍 Creating DimLocation...
[2025-12-18T22:30:01.766+0000] {logging_mixin.py:151} INFO -       ✅ DimLocation: 37 records
[2025-12-18T22:30:01.767+0000] {logging_mixin.py:151} INFO -    👤 Creating DimCustomer...
[2025-12-18T22:30:04.095+0000] {logging_mixin.py:151} INFO -       ✅ DimCustomer: 39966 records
[2025-12-18T22:30:04.097+0000] {logging_mixin.py:151} INFO -    🏪 Creating DimSeller...
[2025-12-18T22:30:04.509+0000] {logging_mixin.py:151} INFO -       ✅ DimSeller: 4150 records
[2025-12-18T22:30:04.510+0000] {logging_mixin.py:151} INFO -    📅 Creating DimDate...
[2025-12-18T22:30:04.697+0000] {logging_mixin.py:151} INFO -       ✅ DimDate: 1977 records
[2025-12-18T22:30:04.699+0000] {logging_mixin.py:151} INFO - ✅ All dimension tables loaded successfully!
[2025-12-18T22:30:04.704+0000] {python.py:194} INFO - Done. Returned value was: True
[2025-12-18T22:30:04.746+0000] {taskinstance.py:1398} INFO - Marking task as SUCCESS. dag_id=toyota_load_dwh, task_id=load_dimension_tables, execution_date=20251218T222952, start_date=20251218T222956, end_date=20251218T223004
[2025-12-18T22:30:04.863+0000] {local_task_job_runner.py:228} INFO - Task exited with return code 0
[2025-12-18T22:30:04.934+0000] {taskinstance.py:2776} INFO - 1 downstream tasks scheduled from follow-on schedule check
