[2025-12-17T12:36:22.771+0000] {taskinstance.py:1157} INFO - Dependencies all met for dep_context=non-requeueable deps ti=<TaskInstance: toyota_ml_pipeline.run_feature_engineering manual__2025-12-17T12:36:19.792940+00:00 [queued]>
[2025-12-17T12:36:22.785+0000] {taskinstance.py:1157} INFO - Dependencies all met for dep_context=requeueable deps ti=<TaskInstance: toyota_ml_pipeline.run_feature_engineering manual__2025-12-17T12:36:19.792940+00:00 [queued]>
[2025-12-17T12:36:22.786+0000] {taskinstance.py:1359} INFO - Starting attempt 1 of 1
[2025-12-17T12:36:22.805+0000] {taskinstance.py:1380} INFO - Executing <Task(PythonOperator): run_feature_engineering> on 2025-12-17 12:36:19.792940+00:00
[2025-12-17T12:36:22.817+0000] {standard_task_runner.py:57} INFO - Started process 424 to run task
[2025-12-17T12:36:22.824+0000] {standard_task_runner.py:84} INFO - Running: ['***', 'tasks', 'run', 'toyota_ml_pipeline', 'run_feature_engineering', 'manual__2025-12-17T12:36:19.792940+00:00', '--job-id', '394', '--raw', '--subdir', 'DAGS_FOLDER/dag_ml.py', '--cfg-path', '/tmp/tmpjpr_xjic']
[2025-12-17T12:36:22.829+0000] {standard_task_runner.py:85} INFO - Job 394: Subtask run_feature_engineering
[2025-12-17T12:36:22.947+0000] {task_command.py:415} INFO - Running <TaskInstance: toyota_ml_pipeline.run_feature_engineering manual__2025-12-17T12:36:19.792940+00:00 [running]> on host 2c3879603899
[2025-12-17T12:36:23.085+0000] {taskinstance.py:1660} INFO - Exporting env vars: AIRFLOW_CTX_DAG_OWNER='rifky' AIRFLOW_CTX_DAG_ID='toyota_ml_pipeline' AIRFLOW_CTX_TASK_ID='run_feature_engineering' AIRFLOW_CTX_EXECUTION_DATE='2025-12-17T12:36:19.792940+00:00' AIRFLOW_CTX_TRY_NUMBER='1' AIRFLOW_CTX_DAG_RUN_ID='manual__2025-12-17T12:36:19.792940+00:00'
[2025-12-17T12:36:23.087+0000] {logging_mixin.py:151} INFO - Starting feature engineering...
[2025-12-17T12:36:25.151+0000] {logging_mixin.py:151} INFO - 
============================================================
[2025-12-17T12:36:25.152+0000] {logging_mixin.py:151} INFO - [INFO] STARTING FEATURE ENGINEERING PIPELINE
[2025-12-17T12:36:25.153+0000] {logging_mixin.py:151} INFO - ============================================================
[2025-12-17T12:36:25.153+0000] {logging_mixin.py:151} INFO - 
[PHASE 1] Data Loading
[2025-12-17T12:36:25.154+0000] {logging_mixin.py:151} INFO -    -> Connecting to Data Warehouse...
[2025-12-17T12:36:25.183+0000] {logging_mixin.py:151} INFO -    [ERROR] Error loading from DW: (psycopg2.errors.UndefinedTable) relation "fact_sales" does not exist
LINE 7:             FROM fact_sales
                         ^

[SQL: 
            SELECT 
                "CarMake", "CarModel", "CarYear", "Odometer", "Condition",
                "CityMPG", "HighwayMPG", "InflationRate", "ComplaintCount", 
                "OriginCountry", "FuelType", "State",
                "SalePrice", "MarketPrice_MMR"
            FROM fact_sales
            ]
(Background on this error at: https://sqlalche.me/e/14/f405)
[2025-12-17T12:36:25.187+0000] {logging_mixin.py:151} INFO -    [WARN] Falling back to CSV: /opt/***/data/processed/Car_Sales_Toyota_USA.csv
[2025-12-17T12:36:25.491+0000] {logging_mixin.py:151} INFO - 
[PHASE 2] Feature Engineering & Cleaning
[2025-12-17T12:36:25.492+0000] {logging_mixin.py:151} INFO -    -> Performing Representative Sampling (Target: 1000)...
[2025-12-17T12:36:26.118+0000] {logging_mixin.py:151} INFO -    -> Data reduced to 1000 rows (Stratified Sample)
[2025-12-17T12:36:26.122+0000] {logging_mixin.py:151} INFO -    -> Imputing missing MPG using Car Model averages...
[2025-12-17T12:36:26.141+0000] {logging_mixin.py:151} INFO -    -> Created 16 engineered features
[2025-12-17T12:36:26.142+0000] {logging_mixin.py:151} INFO - 
[PHASE 3] Preprocessing
[2025-12-17T12:36:26.143+0000] {logging_mixin.py:151} INFO -    -> Splitting data (Train: 80% / Test: 20%)...
[2025-12-17T12:36:26.146+0000] {logging_mixin.py:151} INFO -    -> Scaling numerical features (StandardScaler)...
[2025-12-17T12:36:26.162+0000] {logging_mixin.py:151} INFO -    -> Preparing Full Dataset for BI Output...
[2025-12-17T12:36:26.170+0000] {logging_mixin.py:151} INFO - 
[PHASE 4] Caching Artifacts
[2025-12-17T12:36:26.227+0000] {logging_mixin.py:151} INFO -    -> Preprocessing objects saved to /opt/***/ml/models/preprocessing
[2025-12-17T12:36:26.296+0000] {logging_mixin.py:151} INFO -    -> Data cached to: /opt/***/data/processed/ml_cache
[2025-12-17T12:36:26.297+0000] {logging_mixin.py:151} INFO - 
============================================================
[2025-12-17T12:36:26.298+0000] {logging_mixin.py:151} INFO - [SUCCESS] FEATURE ENGINEERING COMPLETE
[2025-12-17T12:36:26.299+0000] {logging_mixin.py:151} INFO - ============================================================
[2025-12-17T12:36:26.309+0000] {python.py:194} INFO - Done. Returned value was: Done
[2025-12-17T12:36:26.350+0000] {taskinstance.py:1398} INFO - Marking task as SUCCESS. dag_id=toyota_ml_pipeline, task_id=run_feature_engineering, execution_date=20251217T123619, start_date=20251217T123622, end_date=20251217T123626
[2025-12-17T12:36:26.454+0000] {local_task_job_runner.py:228} INFO - Task exited with return code 0
[2025-12-17T12:36:26.511+0000] {taskinstance.py:2776} INFO - 1 downstream tasks scheduled from follow-on schedule check
