[2025-12-17T20:00:33.609+0000] {taskinstance.py:1157} INFO - Dependencies all met for dep_context=non-requeueable deps ti=<TaskInstance: toyota_data_ingestion.ingest_api_data manual__2025-12-17T20:00:30.013439+00:00 [queued]>
[2025-12-17T20:00:33.637+0000] {taskinstance.py:1157} INFO - Dependencies all met for dep_context=requeueable deps ti=<TaskInstance: toyota_data_ingestion.ingest_api_data manual__2025-12-17T20:00:30.013439+00:00 [queued]>
[2025-12-17T20:00:33.638+0000] {taskinstance.py:1359} INFO - Starting attempt 1 of 2
[2025-12-17T20:00:33.686+0000] {taskinstance.py:1380} INFO - Executing <Task(PythonOperator): ingest_api_data> on 2025-12-17 20:00:30.013439+00:00
[2025-12-17T20:00:33.712+0000] {standard_task_runner.py:57} INFO - Started process 13005 to run task
[2025-12-17T20:00:33.719+0000] {standard_task_runner.py:84} INFO - Running: ['***', 'tasks', 'run', 'toyota_data_ingestion', 'ingest_api_data', 'manual__2025-12-17T20:00:30.013439+00:00', '--job-id', '412', '--raw', '--subdir', 'DAGS_FOLDER/dag_ingest.py', '--cfg-path', '/tmp/tmpvy2rrzgw']
[2025-12-17T20:00:33.725+0000] {standard_task_runner.py:85} INFO - Job 412: Subtask ingest_api_data
[2025-12-17T20:00:33.855+0000] {task_command.py:415} INFO - Running <TaskInstance: toyota_data_ingestion.ingest_api_data manual__2025-12-17T20:00:30.013439+00:00 [running]> on host 2c3879603899
[2025-12-17T20:00:34.042+0000] {taskinstance.py:1660} INFO - Exporting env vars: AIRFLOW_CTX_DAG_OWNER='rifky' AIRFLOW_CTX_DAG_ID='toyota_data_ingestion' AIRFLOW_CTX_TASK_ID='ingest_api_data' AIRFLOW_CTX_EXECUTION_DATE='2025-12-17T20:00:30.013439+00:00' AIRFLOW_CTX_TRY_NUMBER='1' AIRFLOW_CTX_DAG_RUN_ID='manual__2025-12-17T20:00:30.013439+00:00'
[2025-12-17T20:00:34.050+0000] {logging_mixin.py:151} INFO - Starting API ingestion...
[2025-12-17T20:00:34.087+0000] {logging_mixin.py:151} INFO - [INFO] Connected to MinIO Data Lake at minio:9000
[2025-12-17T20:00:34.111+0000] {logging_mixin.py:151} INFO - 📋 Processing 5 vehicles...
[2025-12-17T20:00:34.122+0000] {logging_mixin.py:151} INFO - 🎭 Using mock data for Toyota CAMRY 2020
[2025-12-17T20:00:34.124+0000] {logging_mixin.py:151} INFO - 🎭 Using mock data for Toyota COROLLA 2021
[2025-12-17T20:00:34.125+0000] {logging_mixin.py:151} INFO - 🎭 Using mock data for Toyota RAV4 2022
[2025-12-17T20:00:34.126+0000] {logging_mixin.py:151} INFO - 🎭 Using mock data for Toyota HIGHLANDER 2021
[2025-12-17T20:00:34.128+0000] {logging_mixin.py:151} INFO - 🎭 Using mock data for Toyota TACOMA 2020
[2025-12-17T20:00:34.182+0000] {logging_mixin.py:151} INFO - [STAGING] Saved to staging: nhtsa/20251217_200034_complaints_20251217.csv
[2025-12-17T20:00:34.183+0000] {logging_mixin.py:151} INFO - ✅ Saved 5 complaint records
[2025-12-17T20:00:34.185+0000] {python.py:194} INFO - Done. Returned value was: True
[2025-12-17T20:00:34.241+0000] {taskinstance.py:1398} INFO - Marking task as SUCCESS. dag_id=toyota_data_ingestion, task_id=ingest_api_data, execution_date=20251217T200030, start_date=20251217T200033, end_date=20251217T200034
[2025-12-17T20:00:34.297+0000] {local_task_job_runner.py:228} INFO - Task exited with return code 0
[2025-12-17T20:00:34.350+0000] {taskinstance.py:2776} INFO - 0 downstream tasks scheduled from follow-on schedule check
