[2025-12-17T18:21:01.669+0000] {taskinstance.py:1157} INFO - Dependencies all met for dep_context=non-requeueable deps ti=<TaskInstance: toyota_load_dwh.load_fact_tables manual__2025-12-17T18:20:55.085758+00:00 [queued]>
[2025-12-17T18:21:01.702+0000] {taskinstance.py:1157} INFO - Dependencies all met for dep_context=requeueable deps ti=<TaskInstance: toyota_load_dwh.load_fact_tables manual__2025-12-17T18:20:55.085758+00:00 [queued]>
[2025-12-17T18:21:01.703+0000] {taskinstance.py:1359} INFO - Starting attempt 1 of 4
[2025-12-17T18:21:01.904+0000] {taskinstance.py:1380} INFO - Executing <Task(PythonOperator): load_fact_tables> on 2025-12-17 18:20:55.085758+00:00
[2025-12-17T18:21:01.924+0000] {standard_task_runner.py:57} INFO - Started process 6335 to run task
[2025-12-17T18:21:01.931+0000] {standard_task_runner.py:84} INFO - Running: ['***', 'tasks', 'run', 'toyota_load_dwh', 'load_fact_tables', 'manual__2025-12-17T18:20:55.085758+00:00', '--job-id', '405', '--raw', '--subdir', 'DAGS_FOLDER/dag_dwh.py', '--cfg-path', '/tmp/tmpap6gpkol']
[2025-12-17T18:21:01.936+0000] {standard_task_runner.py:85} INFO - Job 405: Subtask load_fact_tables
[2025-12-17T18:21:02.054+0000] {task_command.py:415} INFO - Running <TaskInstance: toyota_load_dwh.load_fact_tables manual__2025-12-17T18:20:55.085758+00:00 [running]> on host 2c3879603899
[2025-12-17T18:21:02.182+0000] {taskinstance.py:1660} INFO - Exporting env vars: AIRFLOW_CTX_DAG_OWNER='rifky' AIRFLOW_CTX_DAG_ID='toyota_load_dwh' AIRFLOW_CTX_TASK_ID='load_fact_tables' AIRFLOW_CTX_EXECUTION_DATE='2025-12-17T18:20:55.085758+00:00' AIRFLOW_CTX_TRY_NUMBER='1' AIRFLOW_CTX_DAG_RUN_ID='manual__2025-12-17T18:20:55.085758+00:00'
[2025-12-17T18:21:02.184+0000] {logging_mixin.py:151} INFO - Loading fact tables...
[2025-12-17T18:21:02.186+0000] {logging_mixin.py:151} INFO -  Loading fact tables...
[2025-12-17T18:21:03.191+0000] {logging_mixin.py:151} INFO -     Creating FactSales...
[2025-12-17T18:21:03.687+0000] {logging_mixin.py:151} INFO -        Warning dropping table: 'Connection' object has no attribute 'commit'
[2025-12-17T18:21:08.001+0000] {logging_mixin.py:151} INFO -        FactSales: 39972 records
[2025-12-17T18:21:08.008+0000] {logging_mixin.py:151} INFO -     Creating FactCustomerSummary...
[2025-12-17T18:21:20.757+0000] {logging_mixin.py:151} INFO -        FactCustomerSummary: 39966 records
[2025-12-17T18:21:20.760+0000] {logging_mixin.py:151} INFO -     Creating business views...
[2025-12-17T18:21:20.768+0000] {logging_mixin.py:151} INFO -        Error creating views: 'Connection' object has no attribute 'commit'
[2025-12-17T18:21:20.769+0000] {logging_mixin.py:151} INFO -  All fact tables loaded successfully!
[2025-12-17T18:21:20.785+0000] {python.py:194} INFO - Done. Returned value was: True
[2025-12-17T18:21:20.854+0000] {taskinstance.py:1398} INFO - Marking task as SUCCESS. dag_id=toyota_load_dwh, task_id=load_fact_tables, execution_date=20251217T182055, start_date=20251217T182101, end_date=20251217T182120
[2025-12-17T18:21:20.945+0000] {local_task_job_runner.py:228} INFO - Task exited with return code 0
[2025-12-17T18:21:20.985+0000] {taskinstance.py:2776} INFO - 0 downstream tasks scheduled from follow-on schedule check
