[2025-12-17T18:20:58.658+0000] {taskinstance.py:1157} INFO - Dependencies all met for dep_context=non-requeueable deps ti=<TaskInstance: toyota_load_dwh.load_dimension_tables manual__2025-12-17T18:20:55.085758+00:00 [queued]>
[2025-12-17T18:20:58.681+0000] {taskinstance.py:1157} INFO - Dependencies all met for dep_context=requeueable deps ti=<TaskInstance: toyota_load_dwh.load_dimension_tables manual__2025-12-17T18:20:55.085758+00:00 [queued]>
[2025-12-17T18:20:58.682+0000] {taskinstance.py:1359} INFO - Starting attempt 1 of 4
[2025-12-17T18:20:58.867+0000] {taskinstance.py:1380} INFO - Executing <Task(PythonOperator): load_dimension_tables> on 2025-12-17 18:20:55.085758+00:00
[2025-12-17T18:20:58.884+0000] {standard_task_runner.py:57} INFO - Started process 6332 to run task
[2025-12-17T18:20:58.893+0000] {standard_task_runner.py:84} INFO - Running: ['***', 'tasks', 'run', 'toyota_load_dwh', 'load_dimension_tables', 'manual__2025-12-17T18:20:55.085758+00:00', '--job-id', '404', '--raw', '--subdir', 'DAGS_FOLDER/dag_dwh.py', '--cfg-path', '/tmp/tmpqnhfpbnu']
[2025-12-17T18:20:58.903+0000] {standard_task_runner.py:85} INFO - Job 404: Subtask load_dimension_tables
[2025-12-17T18:20:59.022+0000] {task_command.py:415} INFO - Running <TaskInstance: toyota_load_dwh.load_dimension_tables manual__2025-12-17T18:20:55.085758+00:00 [running]> on host 2c3879603899
[2025-12-17T18:20:59.179+0000] {taskinstance.py:1660} INFO - Exporting env vars: AIRFLOW_CTX_DAG_OWNER='rifky' AIRFLOW_CTX_DAG_ID='toyota_load_dwh' AIRFLOW_CTX_TASK_ID='load_dimension_tables' AIRFLOW_CTX_EXECUTION_DATE='2025-12-17T18:20:55.085758+00:00' AIRFLOW_CTX_TRY_NUMBER='1' AIRFLOW_CTX_DAG_RUN_ID='manual__2025-12-17T18:20:55.085758+00:00'
[2025-12-17T18:20:59.183+0000] {logging_mixin.py:151} INFO - Loading dimension tables...
[2025-12-17T18:20:59.185+0000] {logging_mixin.py:151} INFO - 📦 Loading dimension tables...
[2025-12-17T18:20:59.515+0000] {logging_mixin.py:151} INFO -    🚗 Creating DimCar...
[2025-12-17T18:20:59.658+0000] {logging_mixin.py:151} INFO - ❌ Error loading dimensions: (psycopg2.errors.DependentObjectsStillExist) cannot drop table "DimCar" because other objects depend on it
DETAIL:  view fact_sales depends on table "DimCar"
view dashboard_data depends on view fact_sales
HINT:  Use DROP ... CASCADE to drop the dependent objects too.

[SQL: 
DROP TABLE "DimCar"]
(Background on this error at: https://sqlalche.me/e/14/2j85)
[2025-12-17T18:20:59.659+0000] {python.py:194} INFO - Done. Returned value was: False
[2025-12-17T18:20:59.705+0000] {taskinstance.py:1398} INFO - Marking task as SUCCESS. dag_id=toyota_load_dwh, task_id=load_dimension_tables, execution_date=20251217T182055, start_date=20251217T182058, end_date=20251217T182059
[2025-12-17T18:20:59.750+0000] {local_task_job_runner.py:228} INFO - Task exited with return code 0
[2025-12-17T18:20:59.814+0000] {taskinstance.py:2776} INFO - 1 downstream tasks scheduled from follow-on schedule check
