[2025-12-18T08:58:38.411+0000] {taskinstance.py:1157} INFO - Dependencies all met for dep_context=non-requeueable deps ti=<TaskInstance: toyota_ml_pipeline.run_model_training manual__2025-12-18T08:58:30.434890+00:00 [queued]>
[2025-12-18T08:58:38.422+0000] {taskinstance.py:1157} INFO - Dependencies all met for dep_context=requeueable deps ti=<TaskInstance: toyota_ml_pipeline.run_model_training manual__2025-12-18T08:58:30.434890+00:00 [queued]>
[2025-12-18T08:58:38.423+0000] {taskinstance.py:1359} INFO - Starting attempt 1 of 2
[2025-12-18T08:58:38.439+0000] {taskinstance.py:1380} INFO - Executing <Task(PythonOperator): run_model_training> on 2025-12-18 08:58:30.434890+00:00
[2025-12-18T08:58:38.449+0000] {standard_task_runner.py:57} INFO - Started process 6904 to run task
[2025-12-18T08:58:38.455+0000] {standard_task_runner.py:84} INFO - Running: ['***', 'tasks', 'run', 'toyota_ml_pipeline', 'run_model_training', 'manual__2025-12-18T08:58:30.434890+00:00', '--job-id', '438', '--raw', '--subdir', 'DAGS_FOLDER/dag_ml.py', '--cfg-path', '/tmp/tmp3ndi9k_j']
[2025-12-18T08:58:38.460+0000] {standard_task_runner.py:85} INFO - Job 438: Subtask run_model_training
[2025-12-18T08:58:38.569+0000] {task_command.py:415} INFO - Running <TaskInstance: toyota_ml_pipeline.run_model_training manual__2025-12-18T08:58:30.434890+00:00 [running]> on host 2c3879603899
[2025-12-18T08:58:38.696+0000] {taskinstance.py:1660} INFO - Exporting env vars: AIRFLOW_CTX_DAG_OWNER='rifky' AIRFLOW_CTX_DAG_ID='toyota_ml_pipeline' AIRFLOW_CTX_TASK_ID='run_model_training' AIRFLOW_CTX_EXECUTION_DATE='2025-12-18T08:58:30.434890+00:00' AIRFLOW_CTX_TRY_NUMBER='1' AIRFLOW_CTX_DAG_RUN_ID='manual__2025-12-18T08:58:30.434890+00:00'
[2025-12-18T08:58:38.699+0000] {logging_mixin.py:151} INFO - Starting model training...
[2025-12-18T08:58:41.333+0000] {logging_mixin.py:151} INFO - 
============================================================
[2025-12-18T08:58:41.334+0000] {logging_mixin.py:151} INFO - [INFO] STARTING MODEL TRAINING PIPELINE
[2025-12-18T08:58:41.334+0000] {logging_mixin.py:151} INFO - ============================================================
[2025-12-18T08:58:41.335+0000] {logging_mixin.py:151} INFO - 
[PHASE 1] Loading Cached Data
[2025-12-18T08:58:41.379+0000] {logging_mixin.py:151} INFO -    -> Data loaded successfully from disk
[2025-12-18T08:58:41.380+0000] {logging_mixin.py:151} INFO - 
[PHASE 2] Model Training
[2025-12-18T08:58:41.380+0000] {logging_mixin.py:151} INFO -    -> Training Random Forest model...
[2025-12-18T08:58:41.893+0000] {logging_mixin.py:151} INFO -    -> Model trained successfully with 100 trees
[2025-12-18T08:58:41.894+0000] {logging_mixin.py:151} INFO - 
[PHASE 3] Model Evaluation
[2025-12-18T08:58:41.894+0000] {logging_mixin.py:151} INFO -    -> Evaluating model performance...
[2025-12-18T08:58:42.509+0000] {logging_mixin.py:151} WARNING - /home/***/.local/lib/python3.8/site-packages/sklearn/ensemble/_base.py:214 UserWarning: Loky-backed parallel loops cannot be called in a multiprocessing, setting n_jobs=1
[2025-12-18T08:58:42.532+0000] {logging_mixin.py:151} WARNING - /home/***/.local/lib/python3.8/site-packages/joblib/parallel.py:1359 UserWarning: Loky-backed parallel loops cannot be called in a multiprocessing, setting n_jobs=1
[2025-12-18T08:58:42.963+0000] {logging_mixin.py:151} WARNING - /home/***/.local/lib/python3.8/site-packages/sklearn/ensemble/_base.py:214 UserWarning: Loky-backed parallel loops cannot be called in a multiprocessing, setting n_jobs=1
[2025-12-18T08:58:43.337+0000] {logging_mixin.py:151} WARNING - /home/***/.local/lib/python3.8/site-packages/sklearn/ensemble/_base.py:214 UserWarning: Loky-backed parallel loops cannot be called in a multiprocessing, setting n_jobs=1
[2025-12-18T08:58:43.729+0000] {logging_mixin.py:151} WARNING - /home/***/.local/lib/python3.8/site-packages/sklearn/ensemble/_base.py:214 UserWarning: Loky-backed parallel loops cannot be called in a multiprocessing, setting n_jobs=1
[2025-12-18T08:58:44.140+0000] {logging_mixin.py:151} WARNING - /home/***/.local/lib/python3.8/site-packages/sklearn/ensemble/_base.py:214 UserWarning: Loky-backed parallel loops cannot be called in a multiprocessing, setting n_jobs=1
[2025-12-18T08:58:44.558+0000] {logging_mixin.py:151} WARNING - /home/***/.local/lib/python3.8/site-packages/sklearn/ensemble/_base.py:214 UserWarning: Loky-backed parallel loops cannot be called in a multiprocessing, setting n_jobs=1
[2025-12-18T08:58:44.573+0000] {logging_mixin.py:151} INFO - 
----------------------------------------
[2025-12-18T08:58:44.573+0000] {logging_mixin.py:151} INFO - MODEL PERFORMANCE METRICS
[2025-12-18T08:58:44.574+0000] {logging_mixin.py:151} INFO - ----------------------------------------
[2025-12-18T08:58:44.575+0000] {logging_mixin.py:151} INFO - R2 Score (Accuracy):   85.77%
[2025-12-18T08:58:44.575+0000] {logging_mixin.py:151} INFO - Cross-Val Accuracy:    69.17% (+/- 12.12%)
[2025-12-18T08:58:44.576+0000] {logging_mixin.py:151} INFO - MAE (Mean Abs Error):  $1,798
[2025-12-18T08:58:44.576+0000] {logging_mixin.py:151} INFO - RMSE (Root Mean Sq):   $2,709
[2025-12-18T08:58:44.576+0000] {logging_mixin.py:151} INFO - ----------------------------------------
[2025-12-18T08:58:44.580+0000] {logging_mixin.py:151} INFO -    -> Extracting Feature Importance...
[2025-12-18T08:58:44.619+0000] {logging_mixin.py:151} INFO - 
   Top 10 Most Important Features:
[2025-12-18T08:58:44.621+0000] {logging_mixin.py:151} INFO -       - Odometer            : 0.2321
[2025-12-18T08:58:44.622+0000] {logging_mixin.py:151} INFO -       - VehicleAge          : 0.1887
[2025-12-18T08:58:44.622+0000] {logging_mixin.py:151} INFO -       - ComplaintCount      : 0.1841
[2025-12-18T08:58:44.623+0000] {logging_mixin.py:151} INFO -       - CarYear             : 0.1564
[2025-12-18T08:58:44.623+0000] {logging_mixin.py:151} INFO -       - CarModel_Code       : 0.0707
[2025-12-18T08:58:44.624+0000] {logging_mixin.py:151} INFO -       - CityMPG             : 0.0415
[2025-12-18T08:58:44.625+0000] {logging_mixin.py:151} INFO -       - AvgMPG              : 0.0352
[2025-12-18T08:58:44.625+0000] {logging_mixin.py:151} INFO -       - Price_vs_MMR_Ratio  : 0.0256
[2025-12-18T08:58:44.626+0000] {logging_mixin.py:151} INFO -       - Condition           : 0.0211
[2025-12-18T08:58:44.627+0000] {logging_mixin.py:151} INFO -       - MilesPerYear        : 0.0206
[2025-12-18T08:58:44.784+0000] {logging_mixin.py:151} INFO -    -> Model artifact saved to: /opt/***/ml/models/random_forest/model.pkl
[2025-12-18T08:58:44.788+0000] {logging_mixin.py:151} INFO -    -> Creating performance visualizations...
[2025-12-18T08:58:46.689+0000] {logging_mixin.py:151} INFO -    -> Visualizations saved to: /opt/***/ml/models/visualizations
[2025-12-18T08:58:46.690+0000] {logging_mixin.py:151} INFO - 
[PHASE 4] BI Data Generation & Forecasting
[2025-12-18T08:58:46.694+0000] {logging_mixin.py:151} WARNING - /home/***/.local/lib/python3.8/site-packages/sklearn/ensemble/_base.py:214 UserWarning: Loky-backed parallel loops cannot be called in a multiprocessing, setting n_jobs=1
[2025-12-18T08:58:46.717+0000] {logging_mixin.py:151} INFO -    -> Running Forecast Simulation (1 & 3 Years later)...
[2025-12-18T08:58:46.722+0000] {logging_mixin.py:151} WARNING - /home/***/.local/lib/python3.8/site-packages/sklearn/ensemble/_base.py:214 UserWarning: Loky-backed parallel loops cannot be called in a multiprocessing, setting n_jobs=1
[2025-12-18T08:58:46.743+0000] {logging_mixin.py:151} WARNING - /home/***/.local/lib/python3.8/site-packages/sklearn/ensemble/_base.py:214 UserWarning: Loky-backed parallel loops cannot be called in a multiprocessing, setting n_jobs=1
[2025-12-18T08:58:46.762+0000] {logging_mixin.py:151} INFO -    -> Formatting numeric precision...
[2025-12-18T08:58:46.812+0000] {logging_mixin.py:151} INFO -    -> Saved to Dashboard: /opt/***/dashboard/model_results_for_bi.csv
[2025-12-18T08:58:46.878+0000] {logging_mixin.py:151} INFO -    -> Saved to Data backup: /opt/***/data/model_results_for_bi.csv
[2025-12-18T08:58:46.920+0000] {logging_mixin.py:151} INFO -    -> Uploading Final BI Data to MinIO (Data Lake)...
[2025-12-18T08:58:46.940+0000] {logging_mixin.py:151} INFO - [INFO] Connected to MinIO Data Lake at minio:9000
[2025-12-18T08:58:46.987+0000] {logging_mixin.py:151} INFO - [PROCESSED] Saved to Data Lake: processed-data/20251218_085846_model_results_bi.csv
[2025-12-18T08:58:46.988+0000] {logging_mixin.py:151} INFO - 
============================================================
[2025-12-18T08:58:46.989+0000] {logging_mixin.py:151} INFO - [SUCCESS] TRAINING PIPELINE COMPLETE
[2025-12-18T08:58:46.989+0000] {logging_mixin.py:151} INFO - Final Model Accuracy (R2): 85.77%
[2025-12-18T08:58:46.990+0000] {logging_mixin.py:151} INFO - ============================================================
[2025-12-18T08:58:46.991+0000] {python.py:194} INFO - Done. Returned value was: Training Complete
[2025-12-18T08:58:47.032+0000] {taskinstance.py:1398} INFO - Marking task as SUCCESS. dag_id=toyota_ml_pipeline, task_id=run_model_training, execution_date=20251218T085830, start_date=20251218T085838, end_date=20251218T085847
[2025-12-18T08:58:47.161+0000] {local_task_job_runner.py:228} INFO - Task exited with return code 0
[2025-12-18T08:58:47.197+0000] {taskinstance.py:2776} INFO - 0 downstream tasks scheduled from follow-on schedule check
