[2025-12-17T12:35:30.823+0000] {taskinstance.py:1157} INFO - Dependencies all met for dep_context=non-requeueable deps ti=<TaskInstance: toyota_load_dwh.load_fact_tables manual__2025-12-17T12:35:16.790777+00:00 [queued]>
[2025-12-17T12:35:30.847+0000] {taskinstance.py:1157} INFO - Dependencies all met for dep_context=requeueable deps ti=<TaskInstance: toyota_load_dwh.load_fact_tables manual__2025-12-17T12:35:16.790777+00:00 [queued]>
[2025-12-17T12:35:30.848+0000] {taskinstance.py:1359} INFO - Starting attempt 1 of 4
[2025-12-17T12:35:30.870+0000] {taskinstance.py:1380} INFO - Executing <Task(PythonOperator): load_fact_tables> on 2025-12-17 12:35:16.790777+00:00
[2025-12-17T12:35:30.886+0000] {standard_task_runner.py:57} INFO - Started process 351 to run task
[2025-12-17T12:35:30.892+0000] {standard_task_runner.py:84} INFO - Running: ['***', 'tasks', 'run', 'toyota_load_dwh', 'load_fact_tables', 'manual__2025-12-17T12:35:16.790777+00:00', '--job-id', '392', '--raw', '--subdir', 'DAGS_FOLDER/dag_dwh.py', '--cfg-path', '/tmp/tmpmbba3f80']
[2025-12-17T12:35:30.898+0000] {standard_task_runner.py:85} INFO - Job 392: Subtask load_fact_tables
[2025-12-17T12:35:31.006+0000] {task_command.py:415} INFO - Running <TaskInstance: toyota_load_dwh.load_fact_tables manual__2025-12-17T12:35:16.790777+00:00 [running]> on host 2c3879603899
[2025-12-17T12:35:31.140+0000] {taskinstance.py:1660} INFO - Exporting env vars: AIRFLOW_CTX_DAG_OWNER='rifky' AIRFLOW_CTX_DAG_ID='toyota_load_dwh' AIRFLOW_CTX_TASK_ID='load_fact_tables' AIRFLOW_CTX_EXECUTION_DATE='2025-12-17T12:35:16.790777+00:00' AIRFLOW_CTX_TRY_NUMBER='1' AIRFLOW_CTX_DAG_RUN_ID='manual__2025-12-17T12:35:16.790777+00:00'
[2025-12-17T12:35:31.142+0000] {logging_mixin.py:151} INFO - Loading fact tables...
[2025-12-17T12:35:31.144+0000] {logging_mixin.py:151} INFO -  Loading fact tables...
[2025-12-17T12:35:32.200+0000] {logging_mixin.py:151} INFO -     Creating FactSales...
[2025-12-17T12:35:32.688+0000] {logging_mixin.py:151} INFO -        Warning dropping table: 'Connection' object has no attribute 'commit'
[2025-12-17T12:35:36.887+0000] {logging_mixin.py:151} INFO -        FactSales: 39972 records
[2025-12-17T12:35:36.889+0000] {logging_mixin.py:151} INFO -     Creating FactCustomerSummary...
[2025-12-17T12:35:48.765+0000] {logging_mixin.py:151} INFO -        FactCustomerSummary: 39966 records
[2025-12-17T12:35:48.768+0000] {logging_mixin.py:151} INFO -     Creating business views...
[2025-12-17T12:35:48.772+0000] {logging_mixin.py:151} INFO -        Error creating views: 'Connection' object has no attribute 'commit'
[2025-12-17T12:35:48.773+0000] {logging_mixin.py:151} INFO -  All fact tables loaded successfully!
[2025-12-17T12:35:48.788+0000] {python.py:194} INFO - Done. Returned value was: True
[2025-12-17T12:35:48.846+0000] {taskinstance.py:1398} INFO - Marking task as SUCCESS. dag_id=toyota_load_dwh, task_id=load_fact_tables, execution_date=20251217T123516, start_date=20251217T123530, end_date=20251217T123548
[2025-12-17T12:35:48.943+0000] {local_task_job_runner.py:228} INFO - Task exited with return code 0
[2025-12-17T12:35:48.988+0000] {taskinstance.py:2776} INFO - 0 downstream tasks scheduled from follow-on schedule check
