[2025-12-17T18:21:36.485+0000] {taskinstance.py:1157} INFO - Dependencies all met for dep_context=non-requeueable deps ti=<TaskInstance: toyota_ml_pipeline.run_model_training manual__2025-12-17T18:21:27.665504+00:00 [queued]>
[2025-12-17T18:21:36.498+0000] {taskinstance.py:1157} INFO - Dependencies all met for dep_context=requeueable deps ti=<TaskInstance: toyota_ml_pipeline.run_model_training manual__2025-12-17T18:21:27.665504+00:00 [queued]>
[2025-12-17T18:21:36.499+0000] {taskinstance.py:1359} INFO - Starting attempt 1 of 1
[2025-12-17T18:21:36.518+0000] {taskinstance.py:1380} INFO - Executing <Task(PythonOperator): run_model_training> on 2025-12-17 18:21:27.665504+00:00
[2025-12-17T18:21:36.528+0000] {standard_task_runner.py:57} INFO - Started process 6392 to run task
[2025-12-17T18:21:36.534+0000] {standard_task_runner.py:84} INFO - Running: ['***', 'tasks', 'run', 'toyota_ml_pipeline', 'run_model_training', 'manual__2025-12-17T18:21:27.665504+00:00', '--job-id', '408', '--raw', '--subdir', 'DAGS_FOLDER/dag_ml.py', '--cfg-path', '/tmp/tmp0kvfbeih']
[2025-12-17T18:21:36.538+0000] {standard_task_runner.py:85} INFO - Job 408: Subtask run_model_training
[2025-12-17T18:21:36.636+0000] {task_command.py:415} INFO - Running <TaskInstance: toyota_ml_pipeline.run_model_training manual__2025-12-17T18:21:27.665504+00:00 [running]> on host 2c3879603899
[2025-12-17T18:21:36.761+0000] {taskinstance.py:1660} INFO - Exporting env vars: AIRFLOW_CTX_DAG_OWNER='rifky' AIRFLOW_CTX_DAG_ID='toyota_ml_pipeline' AIRFLOW_CTX_TASK_ID='run_model_training' AIRFLOW_CTX_EXECUTION_DATE='2025-12-17T18:21:27.665504+00:00' AIRFLOW_CTX_TRY_NUMBER='1' AIRFLOW_CTX_DAG_RUN_ID='manual__2025-12-17T18:21:27.665504+00:00'
[2025-12-17T18:21:36.764+0000] {logging_mixin.py:151} INFO - Starting model training...
[2025-12-17T18:21:39.478+0000] {logging_mixin.py:151} INFO - 
============================================================
[2025-12-17T18:21:39.478+0000] {logging_mixin.py:151} INFO - [INFO] STARTING MODEL TRAINING PIPELINE
[2025-12-17T18:21:39.479+0000] {logging_mixin.py:151} INFO - ============================================================
[2025-12-17T18:21:39.479+0000] {logging_mixin.py:151} INFO - 
[PHASE 1] Loading Cached Data
[2025-12-17T18:21:39.520+0000] {logging_mixin.py:151} INFO -    -> Data loaded successfully from disk
[2025-12-17T18:21:39.521+0000] {logging_mixin.py:151} INFO - 
[PHASE 2] Model Training
[2025-12-17T18:21:39.521+0000] {logging_mixin.py:151} INFO -    -> Training Random Forest model...
[2025-12-17T18:21:39.963+0000] {logging_mixin.py:151} INFO -    -> Model trained successfully with 100 trees
[2025-12-17T18:21:39.964+0000] {logging_mixin.py:151} INFO - 
[PHASE 3] Model Evaluation
[2025-12-17T18:21:39.965+0000] {logging_mixin.py:151} INFO -    -> Evaluating model performance...
[2025-12-17T18:21:40.521+0000] {logging_mixin.py:151} WARNING - /home/***/.local/lib/python3.8/site-packages/sklearn/ensemble/_base.py:214 UserWarning: Loky-backed parallel loops cannot be called in a multiprocessing, setting n_jobs=1
[2025-12-17T18:21:40.535+0000] {logging_mixin.py:151} WARNING - /home/***/.local/lib/python3.8/site-packages/joblib/parallel.py:1359 UserWarning: Loky-backed parallel loops cannot be called in a multiprocessing, setting n_jobs=1
[2025-12-17T18:21:40.888+0000] {logging_mixin.py:151} WARNING - /home/***/.local/lib/python3.8/site-packages/sklearn/ensemble/_base.py:214 UserWarning: Loky-backed parallel loops cannot be called in a multiprocessing, setting n_jobs=1
[2025-12-17T18:21:41.255+0000] {logging_mixin.py:151} WARNING - /home/***/.local/lib/python3.8/site-packages/sklearn/ensemble/_base.py:214 UserWarning: Loky-backed parallel loops cannot be called in a multiprocessing, setting n_jobs=1
[2025-12-17T18:21:41.620+0000] {logging_mixin.py:151} WARNING - /home/***/.local/lib/python3.8/site-packages/sklearn/ensemble/_base.py:214 UserWarning: Loky-backed parallel loops cannot be called in a multiprocessing, setting n_jobs=1
[2025-12-17T18:21:41.985+0000] {logging_mixin.py:151} WARNING - /home/***/.local/lib/python3.8/site-packages/sklearn/ensemble/_base.py:214 UserWarning: Loky-backed parallel loops cannot be called in a multiprocessing, setting n_jobs=1
[2025-12-17T18:21:42.405+0000] {logging_mixin.py:151} WARNING - /home/***/.local/lib/python3.8/site-packages/sklearn/ensemble/_base.py:214 UserWarning: Loky-backed parallel loops cannot be called in a multiprocessing, setting n_jobs=1
[2025-12-17T18:21:42.423+0000] {logging_mixin.py:151} INFO - 
----------------------------------------
[2025-12-17T18:21:42.424+0000] {logging_mixin.py:151} INFO - MODEL PERFORMANCE METRICS
[2025-12-17T18:21:42.424+0000] {logging_mixin.py:151} INFO - ----------------------------------------
[2025-12-17T18:21:42.425+0000] {logging_mixin.py:151} INFO - R2 Score (Accuracy):   84.44%
[2025-12-17T18:21:42.426+0000] {logging_mixin.py:151} INFO - Cross-Val Accuracy:    68.01% (+/- 12.70%)
[2025-12-17T18:21:42.426+0000] {logging_mixin.py:151} INFO - MAE (Mean Abs Error):  $1,861
[2025-12-17T18:21:42.427+0000] {logging_mixin.py:151} INFO - RMSE (Root Mean Sq):   $2,826
[2025-12-17T18:21:42.427+0000] {logging_mixin.py:151} INFO - ----------------------------------------
[2025-12-17T18:21:42.428+0000] {logging_mixin.py:151} INFO -    -> Extracting Feature Importance...
[2025-12-17T18:21:42.463+0000] {logging_mixin.py:151} INFO - 
   Top 10 Most Important Features:
[2025-12-17T18:21:42.465+0000] {logging_mixin.py:151} INFO -       - Odometer            : 0.3290
[2025-12-17T18:21:42.466+0000] {logging_mixin.py:151} INFO -       - ComplaintCount      : 0.1905
[2025-12-17T18:21:42.467+0000] {logging_mixin.py:151} INFO -       - VehicleAge          : 0.1467
[2025-12-17T18:21:42.467+0000] {logging_mixin.py:151} INFO -       - CarYear             : 0.1081
[2025-12-17T18:21:42.468+0000] {logging_mixin.py:151} INFO -       - CarModel_Code       : 0.0661
[2025-12-17T18:21:42.469+0000] {logging_mixin.py:151} INFO -       - Condition           : 0.0320
[2025-12-17T18:21:42.469+0000] {logging_mixin.py:151} INFO -       - CityMPG             : 0.0308
[2025-12-17T18:21:42.470+0000] {logging_mixin.py:151} INFO -       - AvgMPG              : 0.0299
[2025-12-17T18:21:42.471+0000] {logging_mixin.py:151} INFO -       - MilesPerYear        : 0.0242
[2025-12-17T18:21:42.472+0000] {logging_mixin.py:151} INFO -       - Price_vs_MMR_Ratio  : 0.0191
[2025-12-17T18:21:42.660+0000] {logging_mixin.py:151} INFO -    -> Model artifact saved to: /opt/***/ml/models/random_forest/model.pkl
[2025-12-17T18:21:42.663+0000] {logging_mixin.py:151} INFO -    -> Creating performance visualizations...
[2025-12-17T18:21:44.642+0000] {logging_mixin.py:151} INFO -    -> Visualizations saved to: /opt/***/ml/models/visualizations
[2025-12-17T18:21:44.643+0000] {logging_mixin.py:151} INFO - 
[PHASE 4] BI Data Generation & Forecasting
[2025-12-17T18:21:44.647+0000] {logging_mixin.py:151} WARNING - /home/***/.local/lib/python3.8/site-packages/sklearn/ensemble/_base.py:214 UserWarning: Loky-backed parallel loops cannot be called in a multiprocessing, setting n_jobs=1
[2025-12-17T18:21:44.672+0000] {logging_mixin.py:151} INFO -    -> Running Forecast Simulation (1 & 3 Years later)...
[2025-12-17T18:21:44.678+0000] {logging_mixin.py:151} WARNING - /home/***/.local/lib/python3.8/site-packages/sklearn/ensemble/_base.py:214 UserWarning: Loky-backed parallel loops cannot be called in a multiprocessing, setting n_jobs=1
[2025-12-17T18:21:44.702+0000] {logging_mixin.py:151} WARNING - /home/***/.local/lib/python3.8/site-packages/sklearn/ensemble/_base.py:214 UserWarning: Loky-backed parallel loops cannot be called in a multiprocessing, setting n_jobs=1
[2025-12-17T18:21:44.720+0000] {logging_mixin.py:151} INFO -    -> Formatting numeric precision...
[2025-12-17T18:21:44.793+0000] {logging_mixin.py:151} INFO -    -> Saved to Dashboard: /opt/***/dashboard/model_results_for_bi.csv
[2025-12-17T18:21:44.866+0000] {logging_mixin.py:151} INFO -    -> Saved to Data backup: /opt/***/data/model_results_for_bi.csv
[2025-12-17T18:21:44.903+0000] {logging_mixin.py:151} INFO -    -> Uploading Final BI Data to MinIO (Data Lake)...
[2025-12-17T18:21:44.920+0000] {logging_mixin.py:151} INFO - [INFO] Connected to MinIO Data Lake at minio:9000
[2025-12-17T18:21:44.959+0000] {logging_mixin.py:151} INFO - [PROCESSED] Saved to Data Lake: processed-data/20251217_182144_model_results_bi.csv
[2025-12-17T18:21:44.960+0000] {logging_mixin.py:151} INFO - 
============================================================
[2025-12-17T18:21:44.961+0000] {logging_mixin.py:151} INFO - [SUCCESS] TRAINING PIPELINE COMPLETE
[2025-12-17T18:21:44.961+0000] {logging_mixin.py:151} INFO - Final Model Accuracy (R2): 84.44%
[2025-12-17T18:21:44.962+0000] {logging_mixin.py:151} INFO - ============================================================
[2025-12-17T18:21:44.963+0000] {python.py:194} INFO - Done. Returned value was: Training Complete
[2025-12-17T18:21:45.001+0000] {taskinstance.py:1398} INFO - Marking task as SUCCESS. dag_id=toyota_ml_pipeline, task_id=run_model_training, execution_date=20251217T182127, start_date=20251217T182136, end_date=20251217T182145
[2025-12-17T18:21:45.125+0000] {local_task_job_runner.py:228} INFO - Task exited with return code 0
[2025-12-17T18:21:45.156+0000] {taskinstance.py:2776} INFO - 0 downstream tasks scheduled from follow-on schedule check
