[2025-12-18T08:58:33.100+0000] {taskinstance.py:1157} INFO - Dependencies all met for dep_context=non-requeueable deps ti=<TaskInstance: toyota_ml_pipeline.run_feature_engineering manual__2025-12-18T08:58:30.434890+00:00 [queued]>
[2025-12-18T08:58:33.112+0000] {taskinstance.py:1157} INFO - Dependencies all met for dep_context=requeueable deps ti=<TaskInstance: toyota_ml_pipeline.run_feature_engineering manual__2025-12-18T08:58:30.434890+00:00 [queued]>
[2025-12-18T08:58:33.113+0000] {taskinstance.py:1359} INFO - Starting attempt 1 of 2
[2025-12-18T08:58:33.131+0000] {taskinstance.py:1380} INFO - Executing <Task(PythonOperator): run_feature_engineering> on 2025-12-18 08:58:30.434890+00:00
[2025-12-18T08:58:33.142+0000] {standard_task_runner.py:57} INFO - Started process 6886 to run task
[2025-12-18T08:58:33.148+0000] {standard_task_runner.py:84} INFO - Running: ['***', 'tasks', 'run', 'toyota_ml_pipeline', 'run_feature_engineering', 'manual__2025-12-18T08:58:30.434890+00:00', '--job-id', '437', '--raw', '--subdir', 'DAGS_FOLDER/dag_ml.py', '--cfg-path', '/tmp/tmp9ymxsktn']
[2025-12-18T08:58:33.153+0000] {standard_task_runner.py:85} INFO - Job 437: Subtask run_feature_engineering
[2025-12-18T08:58:33.259+0000] {task_command.py:415} INFO - Running <TaskInstance: toyota_ml_pipeline.run_feature_engineering manual__2025-12-18T08:58:30.434890+00:00 [running]> on host 2c3879603899
[2025-12-18T08:58:33.388+0000] {taskinstance.py:1660} INFO - Exporting env vars: AIRFLOW_CTX_DAG_OWNER='rifky' AIRFLOW_CTX_DAG_ID='toyota_ml_pipeline' AIRFLOW_CTX_TASK_ID='run_feature_engineering' AIRFLOW_CTX_EXECUTION_DATE='2025-12-18T08:58:30.434890+00:00' AIRFLOW_CTX_TRY_NUMBER='1' AIRFLOW_CTX_DAG_RUN_ID='manual__2025-12-18T08:58:30.434890+00:00'
[2025-12-18T08:58:33.393+0000] {logging_mixin.py:151} INFO - Starting feature engineering...
[2025-12-18T08:58:35.616+0000] {logging_mixin.py:151} INFO - 
============================================================
[2025-12-18T08:58:35.617+0000] {logging_mixin.py:151} INFO - [INFO] STARTING FEATURE ENGINEERING PIPELINE
[2025-12-18T08:58:35.618+0000] {logging_mixin.py:151} INFO - ============================================================
[2025-12-18T08:58:35.618+0000] {logging_mixin.py:151} INFO - 
[PHASE 1] Data Loading
[2025-12-18T08:58:35.619+0000] {logging_mixin.py:151} INFO -    -> Connecting to Data Warehouse...
[2025-12-18T08:58:35.650+0000] {logging_mixin.py:151} INFO -    [ERROR] Error loading from DW: (psycopg2.errors.UndefinedTable) relation "fact_sales" does not exist
LINE 7:             FROM fact_sales
                         ^

[SQL: 
            SELECT 
                "CarMake", "CarModel", "CarYear", "Odometer", "Condition",
                "CityMPG", "HighwayMPG", "InflationRate", "ComplaintCount", 
                "OriginCountry", "FuelType", "State",
                "SalePrice", "MarketPrice_MMR"
            FROM fact_sales
            ]
(Background on this error at: https://sqlalche.me/e/14/f405)
[2025-12-18T08:58:35.654+0000] {logging_mixin.py:151} INFO -    [WARN] Falling back to CSV: /opt/***/data/processed/Car_Sales_Toyota_USA.csv
[2025-12-18T08:58:35.940+0000] {logging_mixin.py:151} INFO - 
[PHASE 2] Feature Engineering & Cleaning
[2025-12-18T08:58:35.941+0000] {logging_mixin.py:151} INFO -    -> Performing Representative Sampling (Target: 1000)...
[2025-12-18T08:58:36.282+0000] {logging_mixin.py:151} INFO -    -> Data reduced to 1000 rows (Stratified Sample)
[2025-12-18T08:58:36.286+0000] {logging_mixin.py:151} INFO -    -> Imputing missing MPG using Car Model averages...
[2025-12-18T08:58:36.307+0000] {logging_mixin.py:151} INFO -    -> Created 16 engineered features
[2025-12-18T08:58:36.308+0000] {logging_mixin.py:151} INFO - 
######################################################################
[2025-12-18T08:58:36.308+0000] {logging_mixin.py:151} INFO - >>> QA AUDIT LOGS: DATA HEALTH CHECK
[2025-12-18T08:58:36.309+0000] {logging_mixin.py:151} INFO - ######################################################################
[2025-12-18T08:58:36.310+0000] {logging_mixin.py:151} INFO - 
[*] CHECK 1: DATA INTEGRITY (NULL VALUES)
[2025-12-18T08:58:36.313+0000] {logging_mixin.py:151} INFO -     [OK] Total Rows with Nulls : 0
[2025-12-18T08:58:36.313+0000] {logging_mixin.py:151} INFO - 
[*] CHECK 2: ANOMALY DETECTION (IQR METHOD)
[2025-12-18T08:58:36.314+0000] {logging_mixin.py:151} INFO -     > Target Variable : SalePrice
[2025-12-18T08:58:36.320+0000] {logging_mixin.py:151} INFO -     > Thresholds      : Low [-10,362] | High [30,538]
[2025-12-18T08:58:36.320+0000] {logging_mixin.py:151} INFO -     > Flagged Records : 17 (1.70%)
[2025-12-18T08:58:36.321+0000] {logging_mixin.py:151} INFO -     > Top Deviations  :
[2025-12-18T08:58:36.325+0000] {logging_mixin.py:151} INFO -       1. ID:495  | LAND CRUISER '14 | Val: 64,000
[2025-12-18T08:58:36.326+0000] {logging_mixin.py:151} INFO -       2. ID:501  | LAND CRUISER '13 | Val: 49,500
[2025-12-18T08:58:36.327+0000] {logging_mixin.py:151} INFO -       3. ID:447  | LAND CRUISER '11 | Val: 48,000
[2025-12-18T08:58:36.328+0000] {logging_mixin.py:151} INFO -     > Action          : RETAIN (Algorithm Robustness)
[2025-12-18T08:58:36.328+0000] {logging_mixin.py:151} INFO - 
[*] CHECK 3: DISTRIBUTION STABILITY (KS-TEST)
[2025-12-18T08:58:36.331+0000] {logging_mixin.py:151} INFO -     > P-Value         : 0.0693 (Alpha: 0.05)
[2025-12-18T08:58:36.332+0000] {logging_mixin.py:151} INFO -     > Conclusion      : [OK] STABLE
[2025-12-18T08:58:36.333+0000] {logging_mixin.py:151} INFO - 
######################################################################
[2025-12-18T08:58:36.333+0000] {logging_mixin.py:151} INFO - [PHASE 3] Preprocessing
[2025-12-18T08:58:36.334+0000] {logging_mixin.py:151} INFO -    -> Splitting data (Train: 80% / Test: 20%)...
[2025-12-18T08:58:36.338+0000] {logging_mixin.py:151} INFO -    -> Scaling numerical features (StandardScaler)...
[2025-12-18T08:58:36.358+0000] {logging_mixin.py:151} INFO -    -> Preparing Full Dataset for BI Output...
[2025-12-18T08:58:36.366+0000] {logging_mixin.py:151} INFO - 
[PHASE 4] Caching Artifacts
[2025-12-18T08:58:36.528+0000] {logging_mixin.py:151} INFO -    -> Preprocessing objects saved to /opt/***/ml/models/preprocessing
[2025-12-18T08:58:36.995+0000] {logging_mixin.py:151} INFO -    -> Data cached to: /opt/***/data/processed/ml_cache
[2025-12-18T08:58:36.996+0000] {logging_mixin.py:151} INFO - 
============================================================
[2025-12-18T08:58:36.997+0000] {logging_mixin.py:151} INFO - [SUCCESS] FEATURE ENGINEERING COMPLETE
[2025-12-18T08:58:36.998+0000] {logging_mixin.py:151} INFO - ============================================================
[2025-12-18T08:58:37.006+0000] {python.py:194} INFO - Done. Returned value was: Done
[2025-12-18T08:58:37.044+0000] {taskinstance.py:1398} INFO - Marking task as SUCCESS. dag_id=toyota_ml_pipeline, task_id=run_feature_engineering, execution_date=20251218T085830, start_date=20251218T085833, end_date=20251218T085837
[2025-12-18T08:58:37.143+0000] {local_task_job_runner.py:228} INFO - Task exited with return code 0
[2025-12-18T08:58:37.192+0000] {taskinstance.py:2776} INFO - 1 downstream tasks scheduled from follow-on schedule check
