[2025-12-17T18:19:23.534+0000] {taskinstance.py:1157} INFO - Dependencies all met for dep_context=non-requeueable deps ti=<TaskInstance: toyota_data_ingestion.ingest_api_data manual__2025-12-17T18:19:19.287760+00:00 [queued]>
[2025-12-17T18:19:23.550+0000] {taskinstance.py:1157} INFO - Dependencies all met for dep_context=requeueable deps ti=<TaskInstance: toyota_data_ingestion.ingest_api_data manual__2025-12-17T18:19:19.287760+00:00 [queued]>
[2025-12-17T18:19:23.551+0000] {taskinstance.py:1359} INFO - Starting attempt 1 of 2
[2025-12-17T18:19:23.576+0000] {taskinstance.py:1380} INFO - Executing <Task(PythonOperator): ingest_api_data> on 2025-12-17 18:19:19.287760+00:00
[2025-12-17T18:19:23.594+0000] {standard_task_runner.py:57} INFO - Started process 6200 to run task
[2025-12-17T18:19:23.602+0000] {standard_task_runner.py:84} INFO - Running: ['***', 'tasks', 'run', 'toyota_data_ingestion', 'ingest_api_data', 'manual__2025-12-17T18:19:19.287760+00:00', '--job-id', '399', '--raw', '--subdir', 'DAGS_FOLDER/dag_ingest.py', '--cfg-path', '/tmp/tmpzhu2yrn1']
[2025-12-17T18:19:23.608+0000] {standard_task_runner.py:85} INFO - Job 399: Subtask ingest_api_data
[2025-12-17T18:19:23.726+0000] {task_command.py:415} INFO - Running <TaskInstance: toyota_data_ingestion.ingest_api_data manual__2025-12-17T18:19:19.287760+00:00 [running]> on host 2c3879603899
[2025-12-17T18:19:23.885+0000] {taskinstance.py:1660} INFO - Exporting env vars: AIRFLOW_CTX_DAG_OWNER='rifky' AIRFLOW_CTX_DAG_ID='toyota_data_ingestion' AIRFLOW_CTX_TASK_ID='ingest_api_data' AIRFLOW_CTX_EXECUTION_DATE='2025-12-17T18:19:19.287760+00:00' AIRFLOW_CTX_TRY_NUMBER='1' AIRFLOW_CTX_DAG_RUN_ID='manual__2025-12-17T18:19:19.287760+00:00'
[2025-12-17T18:19:23.888+0000] {logging_mixin.py:151} INFO - Starting API ingestion...
[2025-12-17T18:19:23.916+0000] {logging_mixin.py:151} INFO - [INFO] Connected to MinIO Data Lake at minio:9000
[2025-12-17T18:19:23.934+0000] {logging_mixin.py:151} INFO - 📋 Processing 5 vehicles...
[2025-12-17T18:19:23.942+0000] {logging_mixin.py:151} INFO - 🎭 Using mock data for Toyota CAMRY 2020
[2025-12-17T18:19:23.943+0000] {logging_mixin.py:151} INFO - 🎭 Using mock data for Toyota COROLLA 2021
[2025-12-17T18:19:23.944+0000] {logging_mixin.py:151} INFO - 🎭 Using mock data for Toyota RAV4 2022
[2025-12-17T18:19:23.945+0000] {logging_mixin.py:151} INFO - 🎭 Using mock data for Toyota HIGHLANDER 2021
[2025-12-17T18:19:23.946+0000] {logging_mixin.py:151} INFO - 🎭 Using mock data for Toyota TACOMA 2020
[2025-12-17T18:19:24.022+0000] {logging_mixin.py:151} INFO - [STAGING] Saved to staging: nhtsa/20251217_181923_complaints_20251217.csv
[2025-12-17T18:19:24.023+0000] {logging_mixin.py:151} INFO - ✅ Saved 5 complaint records
[2025-12-17T18:19:24.027+0000] {python.py:194} INFO - Done. Returned value was: True
[2025-12-17T18:19:24.081+0000] {taskinstance.py:1398} INFO - Marking task as SUCCESS. dag_id=toyota_data_ingestion, task_id=ingest_api_data, execution_date=20251217T181919, start_date=20251217T181923, end_date=20251217T181924
[2025-12-17T18:19:24.138+0000] {local_task_job_runner.py:228} INFO - Task exited with return code 0
[2025-12-17T18:19:24.182+0000] {taskinstance.py:2776} INFO - 0 downstream tasks scheduled from follow-on schedule check
