[2025-12-18T18:10:57.896+0000] {taskinstance.py:1157} INFO - Dependencies all met for dep_context=non-requeueable deps ti=<TaskInstance: toyota_etl_transform.run_etl_transformation manual__2025-12-18T18:10:53.987049+00:00 [queued]>
[2025-12-18T18:10:57.912+0000] {taskinstance.py:1157} INFO - Dependencies all met for dep_context=requeueable deps ti=<TaskInstance: toyota_etl_transform.run_etl_transformation manual__2025-12-18T18:10:53.987049+00:00 [queued]>
[2025-12-18T18:10:57.913+0000] {taskinstance.py:1359} INFO - Starting attempt 1 of 2
[2025-12-18T18:10:57.938+0000] {taskinstance.py:1380} INFO - Executing <Task(PythonOperator): run_etl_transformation> on 2025-12-18 18:10:53.987049+00:00
[2025-12-18T18:10:57.958+0000] {standard_task_runner.py:57} INFO - Started process 3483 to run task
[2025-12-18T18:10:57.965+0000] {standard_task_runner.py:84} INFO - Running: ['***', 'tasks', 'run', 'toyota_etl_transform', 'run_etl_transformation', 'manual__2025-12-18T18:10:53.987049+00:00', '--job-id', '442', '--raw', '--subdir', 'DAGS_FOLDER/dag_transform.py', '--cfg-path', '/tmp/tmpihwexjxs']
[2025-12-18T18:10:57.971+0000] {standard_task_runner.py:85} INFO - Job 442: Subtask run_etl_transformation
[2025-12-18T18:10:58.096+0000] {task_command.py:415} INFO - Running <TaskInstance: toyota_etl_transform.run_etl_transformation manual__2025-12-18T18:10:53.987049+00:00 [running]> on host 2c3879603899
[2025-12-18T18:10:58.233+0000] {taskinstance.py:1660} INFO - Exporting env vars: AIRFLOW_CTX_DAG_OWNER='rifky' AIRFLOW_CTX_DAG_ID='toyota_etl_transform' AIRFLOW_CTX_TASK_ID='run_etl_transformation' AIRFLOW_CTX_EXECUTION_DATE='2025-12-18T18:10:53.987049+00:00' AIRFLOW_CTX_TRY_NUMBER='1' AIRFLOW_CTX_DAG_RUN_ID='manual__2025-12-18T18:10:53.987049+00:00'
[2025-12-18T18:10:58.236+0000] {logging_mixin.py:151} INFO - Starting ETL transformation...
[2025-12-18T18:10:58.255+0000] {logging_mixin.py:151} INFO - [INFO] Connected to MinIO Data Lake at minio:9000
[2025-12-18T18:10:58.256+0000] {logging_mixin.py:151} INFO - 
============================================================
[2025-12-18T18:10:58.256+0000] {logging_mixin.py:151} INFO - [INFO] STARTING ETL TRANSFORMATION PIPELINE
[2025-12-18T18:10:58.257+0000] {logging_mixin.py:151} INFO - ============================================================
[2025-12-18T18:10:58.257+0000] {logging_mixin.py:151} INFO - 
[PHASE 1] Loading Data Sources...
[2025-12-18T18:11:02.779+0000] {logging_mixin.py:151} INFO -    -> Loaded 39,966 Toyota sales records
[2025-12-18T18:11:03.446+0000] {logging_mixin.py:151} INFO -    -> Loaded 38,113 fuel economy records
[2025-12-18T18:11:03.591+0000] {logging_mixin.py:151} INFO -    -> Loaded 28,338 geographic records
[2025-12-18T18:11:03.604+0000] {logging_mixin.py:151} INFO -    -> Loaded 16 inflation records
[2025-12-18T18:11:03.605+0000] {logging_mixin.py:151} INFO - 
[PHASE 2] Cleaning & Transforming Sales Data...
[2025-12-18T18:11:04.188+0000] {logging_mixin.py:151} INFO -    -> Sales data cleaned & standardized
[2025-12-18T18:11:04.240+0000] {logging_mixin.py:151} INFO -    -> Origin country derived from VIN
[2025-12-18T18:11:04.241+0000] {logging_mixin.py:151} INFO - 
[PHASE 3] API Enrichment (NHTSA Safety Data)...
[2025-12-18T18:11:04.250+0000] {logging_mixin.py:151} INFO -    -> Loaded 321 records from local cache.
[2025-12-18T18:11:04.290+0000] {logging_mixin.py:151} INFO -    -> Fetching 13 new configurations from API...
[2025-12-18T18:11:07.816+0000] {logging_mixin.py:151} INFO -       [10/13] Processed: Toyota_LAND CRUISER_2002 -> 0 complaints
[2025-12-18T18:11:08.823+0000] {logging_mixin.py:151} INFO -       [13/13] Processed: Toyota_LAND CRUISER_2007 -> 0 complaints
[2025-12-18T18:11:08.832+0000] {logging_mixin.py:151} INFO -    -> Cache updated successfully.
[2025-12-18T18:11:09.425+0000] {logging_mixin.py:151} INFO - 
[PHASE 4] Merging Datasets & Finalizing...
[2025-12-18T18:11:09.524+0000] {logging_mixin.py:151} INFO -    -> All datasets merged successfully
[2025-12-18T18:11:09.557+0000] {logging_mixin.py:151} INFO -    -> Business metrics & synthetic customers added
[2025-12-18T18:11:09.558+0000] {logging_mixin.py:151} INFO - 
[PHASE 5] Saving Results...
[2025-12-18T18:11:11.688+0000] {logging_mixin.py:151} INFO - [STAGING] Saved to staging: transform/20251218_181110_toyota_sales_transformed.csv
[2025-12-18T18:11:12.499+0000] {logging_mixin.py:151} INFO - [PROCESSED] Saved to Data Lake: processed-data/20251218_181111_toyota_sales_final.csv
[2025-12-18T18:11:12.500+0000] {logging_mixin.py:151} INFO -    -> Local Output: /opt/***/data/processed/Car_Sales_Toyota_USA.csv
[2025-12-18T18:11:12.500+0000] {logging_mixin.py:151} INFO -    -> Record Count: 39,966 rows
[2025-12-18T18:11:12.504+0000] {logging_mixin.py:151} INFO - 
============================================================
[2025-12-18T18:11:12.505+0000] {logging_mixin.py:151} INFO - [SUCCESS]  ETL Transformation Complete!
[2025-12-18T18:11:12.506+0000] {logging_mixin.py:151} INFO - ============================================================
[2025-12-18T18:11:12.545+0000] {python.py:194} INFO - Done. Returned value was: True
[2025-12-18T18:11:12.591+0000] {taskinstance.py:1398} INFO - Marking task as SUCCESS. dag_id=toyota_etl_transform, task_id=run_etl_transformation, execution_date=20251218T181053, start_date=20251218T181057, end_date=20251218T181112
[2025-12-18T18:11:12.661+0000] {local_task_job_runner.py:228} INFO - Task exited with return code 0
[2025-12-18T18:11:12.708+0000] {taskinstance.py:2776} INFO - 0 downstream tasks scheduled from follow-on schedule check
