[2025-12-18T08:56:24.748+0000] {taskinstance.py:1157} INFO - Dependencies all met for dep_context=non-requeueable deps ti=<TaskInstance: toyota_data_ingestion.ingest_api_data manual__2025-12-18T08:56:21.359870+00:00 [queued]>
[2025-12-18T08:56:24.763+0000] {taskinstance.py:1157} INFO - Dependencies all met for dep_context=requeueable deps ti=<TaskInstance: toyota_data_ingestion.ingest_api_data manual__2025-12-18T08:56:21.359870+00:00 [queued]>
[2025-12-18T08:56:24.764+0000] {taskinstance.py:1359} INFO - Starting attempt 1 of 2
[2025-12-18T08:56:24.784+0000] {taskinstance.py:1380} INFO - Executing <Task(PythonOperator): ingest_api_data> on 2025-12-18 08:56:21.359870+00:00
[2025-12-18T08:56:24.801+0000] {standard_task_runner.py:57} INFO - Started process 6712 to run task
[2025-12-18T08:56:24.809+0000] {standard_task_runner.py:84} INFO - Running: ['***', 'tasks', 'run', 'toyota_data_ingestion', 'ingest_api_data', 'manual__2025-12-18T08:56:21.359870+00:00', '--job-id', '430', '--raw', '--subdir', 'DAGS_FOLDER/dag_ingest.py', '--cfg-path', '/tmp/tmp32w68yjr']
[2025-12-18T08:56:24.814+0000] {standard_task_runner.py:85} INFO - Job 430: Subtask ingest_api_data
[2025-12-18T08:56:24.924+0000] {task_command.py:415} INFO - Running <TaskInstance: toyota_data_ingestion.ingest_api_data manual__2025-12-18T08:56:21.359870+00:00 [running]> on host 2c3879603899
[2025-12-18T08:56:25.062+0000] {taskinstance.py:1660} INFO - Exporting env vars: AIRFLOW_CTX_DAG_OWNER='rifky' AIRFLOW_CTX_DAG_ID='toyota_data_ingestion' AIRFLOW_CTX_TASK_ID='ingest_api_data' AIRFLOW_CTX_EXECUTION_DATE='2025-12-18T08:56:21.359870+00:00' AIRFLOW_CTX_TRY_NUMBER='1' AIRFLOW_CTX_DAG_RUN_ID='manual__2025-12-18T08:56:21.359870+00:00'
[2025-12-18T08:56:25.065+0000] {logging_mixin.py:151} INFO - Starting API ingestion...
[2025-12-18T08:56:25.117+0000] {logging_mixin.py:151} INFO - [INFO] Connected to MinIO Data Lake at minio:9000
[2025-12-18T08:56:25.136+0000] {logging_mixin.py:151} INFO - 📋 Processing 5 vehicles...
[2025-12-18T08:56:25.145+0000] {logging_mixin.py:151} INFO - 🎭 Using mock data for Toyota CAMRY 2020
[2025-12-18T08:56:25.146+0000] {logging_mixin.py:151} INFO - 🎭 Using mock data for Toyota COROLLA 2021
[2025-12-18T08:56:25.146+0000] {logging_mixin.py:151} INFO - 🎭 Using mock data for Toyota RAV4 2022
[2025-12-18T08:56:25.147+0000] {logging_mixin.py:151} INFO - 🎭 Using mock data for Toyota HIGHLANDER 2021
[2025-12-18T08:56:25.148+0000] {logging_mixin.py:151} INFO - 🎭 Using mock data for Toyota TACOMA 2020
[2025-12-18T08:56:25.206+0000] {logging_mixin.py:151} INFO - [STAGING] Saved to staging: nhtsa/20251218_085625_complaints_20251218.csv
[2025-12-18T08:56:25.207+0000] {logging_mixin.py:151} INFO - ✅ Saved 5 complaint records
[2025-12-18T08:56:25.209+0000] {python.py:194} INFO - Done. Returned value was: True
[2025-12-18T08:56:25.249+0000] {taskinstance.py:1398} INFO - Marking task as SUCCESS. dag_id=toyota_data_ingestion, task_id=ingest_api_data, execution_date=20251218T085621, start_date=20251218T085624, end_date=20251218T085625
[2025-12-18T08:56:25.303+0000] {local_task_job_runner.py:228} INFO - Task exited with return code 0
[2025-12-18T08:56:25.338+0000] {taskinstance.py:2776} INFO - 0 downstream tasks scheduled from follow-on schedule check
